\BOOKMARK [0][-]{section*.6}{\376\377\000P\000r\000e\000f\000a\000c\000i\000o}{}% 1
\BOOKMARK [0][-]{toc.0}{\376\377\000\315\000n\000d\000i\000c\000e}{}% 2
\BOOKMARK [0][-]{section*.8}{\376\377\000L\000i\000s\000t\000a\000\040\000d\000e\000\040\000f\000i\000g\000u\000r\000a\000s}{}% 3
\BOOKMARK [0][-]{section*.9}{\376\377\000L\000i\000s\000t\000a\000\040\000d\000e\000\040\000c\000u\000a\000d\000r\000o\000s}{}% 4
\BOOKMARK [0][-]{section*.10}{\376\377\000R\000e\000s\000u\000m\000e\000n}{}% 5
\BOOKMARK [0][-]{section*.11}{\376\377\000A\000b\000s\000t\000r\000a\000c\000t}{}% 6
\BOOKMARK [0][-]{chapter.12}{\376\377\000I\000n\000t\000r\000o\000d\000u\000c\000c\000i\000\363\000n}{}% 7
\BOOKMARK [0][-]{chapter.13}{\376\377\000A\000n\000t\000e\000c\000e\000d\000e\000n\000t\000e\000s}{}% 8
\BOOKMARK [1][-]{section.14}{\376\377\000I\000n\000v\000e\000s\000t\000i\000g\000a\000c\000i\000\363\000n\000\040\000c\000o\000n\000\040\000d\000r\000o\000n\000e\000s\000\040\000C\000r\000a\000z\000y\000f\000l\000i\000e\000\040\000e\000n\000\040\000l\000a\000\040\000U\000n\000i\000v\000e\000r\000s\000i\000d\000a\000d\000\040\000d\000e\000l\000\040\000V\000a\000l\000l\000e\000\040\000d\000e\000\040\000G\000u\000a\000t\000e\000m\000a\000l\000a}{chapter.13}% 9
\BOOKMARK [1][-]{section.16}{\376\377\000E\000c\000o\000s\000i\000s\000t\000e\000m\000a\000\040\000R\000o\000b\000o\000t\000a\000t}{chapter.13}% 10
\BOOKMARK [1][-]{section.18}{\376\377\000I\000n\000c\000o\000r\000p\000o\000r\000a\000c\000i\000\363\000n\000\040\000d\000e\000\040\000d\000r\000o\000n\000e\000s\000\040\000C\000r\000a\000z\000y\000f\000l\000i\000e\000\040\000a\000l\000\040\000e\000c\000o\000s\000i\000s\000t\000e\000m\000a\000\040\000R\000o\000b\000o\000t\000a\000t}{chapter.13}% 11
\BOOKMARK [1][-]{section.20}{\376\377\000V\000u\000e\000l\000o\000\040\000a\000u\000t\000\363\000n\000o\000m\000o\000\040\000d\000e\000l\000\040\000d\000r\000o\000n\000\040\000C\000r\000a\000z\000y\000f\000l\000i\000e\000\040\0002\000.\0001\000\040\000e\000m\000p\000l\000e\000a\000n\000d\000o\000\040\000l\000a\000\040\000p\000l\000a\000c\000a\000\040\000d\000e\000\040\000p\000o\000s\000i\000c\000i\000o\000n\000a\000m\000i\000e\000n\000t\000o\000\040\000F\000l\000o\000w\000\040\000D\000e\000c\000k}{chapter.13}% 12
\BOOKMARK [0][-]{chapter.21}{\376\377\000J\000u\000s\000t\000i\000f\000i\000c\000a\000c\000i\000\363\000n}{}% 13
\BOOKMARK [0][-]{chapter.22}{\376\377\000O\000b\000j\000e\000t\000i\000v\000o\000s}{}% 14
\BOOKMARK [1][-]{section.23}{\376\377\000O\000b\000j\000e\000t\000i\000v\000o\000\040\000g\000e\000n\000e\000r\000a\000l}{chapter.22}% 15
\BOOKMARK [1][-]{section.24}{\376\377\000O\000b\000j\000e\000t\000i\000v\000o\000s\000\040\000e\000s\000p\000e\000c\000\355\000f\000i\000c\000o\000s}{chapter.22}% 16
\BOOKMARK [0][-]{chapter.25}{\376\377\000A\000l\000c\000a\000n\000c\000e}{}% 17
\BOOKMARK [0][-]{chapter.26}{\376\377\000M\000a\000r\000c\000o\000\040\000t\000e\000\363\000r\000i\000c\000o}{}% 18
\BOOKMARK [1][-]{section.27}{\376\377\000C\000r\000a\000z\000y\000f\000l\000i\000e\000\040\0002\000.\0001\000\040}{chapter.26}% 19
\BOOKMARK [1][-]{section.29}{\376\377\000S\000i\000s\000t\000e\000m\000a\000\040\000d\000e\000\040\000c\000o\000o\000r\000d\000e\000n\000a\000d\000a\000s\000\040\000d\000e\000\040\000d\000r\000o\000n\000\040\000C\000r\000a\000z\000y\000f\000l\000i\000e}{chapter.26}% 20
\BOOKMARK [1][-]{section.31}{\376\377\000C\000o\000m\000u\000n\000i\000c\000a\000c\000i\000\363\000n\000\040\000i\000n\000a\000l\000\341\000m\000b\000r\000i\000c\000a\000\040\000d\000e\000\040\000d\000r\000o\000n\000\040\000C\000r\000a\000z\000y\000f\000l\000i\000e}{chapter.26}% 21
\BOOKMARK [1][-]{section.33}{\376\377\000P\000l\000a\000c\000a\000\040\000d\000e\000\040\000e\000x\000p\000a\000n\000s\000i\000\363\000n\000\040\000F\000l\000o\000w\000\040\000D\000e\000c\000k}{chapter.26}% 22
\BOOKMARK [1][-]{section.36}{\376\377\000O\000d\000o\000m\000e\000t\000r\000\355\000a\000\040\000v\000i\000s\000u\000a\000l}{chapter.26}% 23
\BOOKMARK [1][-]{section.38}{\376\377\000S\000e\000n\000s\000o\000r\000\040\000d\000e\000\040\000f\000l\000u\000j\000o\000\040\000\363\000p\000t\000i\000c\000o\000\040\000P\000M\000W\0003\0009\0000\0001}{chapter.26}% 24
\BOOKMARK [1][-]{section.39}{\376\377\000S\000e\000n\000s\000o\000r\000\040\000d\000e\000\040\000m\000e\000d\000i\000c\000i\000\363\000n\000\040\000d\000e\000\040\000d\000i\000s\000t\000a\000n\000c\000i\000a\000s\000\040\000V\000L\0005\0003\000L\0001\000x}{chapter.26}% 25
\BOOKMARK [1][-]{section.40}{\376\377\000L\000i\000b\000r\000e\000r\000\355\000a\000\040\000e\000n\000\040\000P\000y\000t\000h\000o\000n\000\040\000p\000a\000r\000a\000\040\000C\000r\000a\000z\000y\000f\000l\000i\000e\000:\000\040\000c\000f\000l\000i\000b}{chapter.26}% 26
\BOOKMARK [2][-]{subsection.41}{\376\377\000E\000s\000t\000r\000u\000c\000t\000u\000r\000a\000\040\000d\000e\000\040\000l\000a\000\040\000l\000i\000b\000r\000e\000r\000\355\000a}{section.40}% 27
\BOOKMARK [2][-]{subsection.44}{\376\377\000M\000\363\000d\000u\000l\000o\000s}{section.40}% 28
\BOOKMARK [1][-]{section.53}{\376\377\000M\000\363\000d\000u\000l\000o\000\040\000C\000r\000a\000z\000y\000f\000l\000i\000e}{chapter.26}% 29
\BOOKMARK [1][-]{section.54}{\376\377\000M\000\363\000d\000u\000l\000o\000\040\000C\000R\000T\000P}{chapter.26}% 30
\BOOKMARK [0][-]{chapter.55}{\376\377\000I\000n\000t\000e\000g\000r\000a\000c\000i\000\363\000n\000\040\000y\000\040\000v\000a\000l\000i\000d\000a\000c\000i\000\363\000n\000\040\000d\000e\000\040\000l\000a\000\040\000p\000l\000a\000c\000a\000\040\000d\000e\000\040\000e\000x\000p\000a\000n\000s\000i\000\363\000n\000\040\000F\000l\000o\000w\000\040\000D\000e\000c\000k}{}% 31
\BOOKMARK [1][-]{section.56}{\376\377\000V\000a\000l\000i\000d\000a\000c\000i\000\363\000n\000\040\000d\000e\000\040\000f\000u\000n\000c\000i\000o\000n\000a\000m\000i\000e\000n\000t\000o\000\040\000d\000e\000\040\000C\000r\000a\000z\000y\000f\000l\000i\000e}{chapter.55}% 32
\BOOKMARK [2][-]{subsection.57}{\376\377\000E\000n\000s\000a\000m\000b\000l\000e\000\040\000d\000e\000\040\000C\000r\000a\000z\000y\000f\000l\000i\000e}{section.56}% 33
\BOOKMARK [2][-]{subsection.60}{\376\377\000S\000o\000f\000t\000w\000a\000r\000e\000\040\000C\000r\000a\000z\000y\000c\000l\000i\000e\000n\000t\000\040\000y\000\040\000a\000c\000t\000u\000a\000l\000i\000z\000a\000c\000i\000\363\000n\000\040\000d\000e\000\040\000f\000i\000r\000m\000w\000a\000r\000e\000\040\000d\000e\000\040\000C\000r\000a\000z\000y\000f\000l\000i\000e}{section.56}% 34
\BOOKMARK [2][-]{subsection.62}{\376\377\000C\000o\000n\000f\000i\000g\000u\000r\000a\000c\000i\000\363\000n\000\040\000d\000e\000\040\000p\000a\000r\000\341\000m\000e\000t\000r\000o\000s}{section.56}% 35
\BOOKMARK [2][-]{subsection.63}{\376\377\000P\000r\000u\000e\000b\000a\000\040\000d\000e\000\040\000h\000\351\000l\000i\000c\000e\000s\000\040\000y\000\040\000m\000o\000t\000o\000r\000e\000s}{section.56}% 36
\BOOKMARK [2][-]{subsection.68}{\376\377\000P\000r\000u\000e\000b\000a\000\040\000d\000e\000\040\000v\000u\000e\000l\000o\000\040\000s\000i\000m\000p\000l\000e}{section.56}% 37
\BOOKMARK [1][-]{section.69}{\376\377\000I\000n\000s\000t\000a\000l\000a\000c\000i\000\363\000n\000\040\000d\000e\000\040\000l\000a\000\040\000p\000l\000a\000c\000a\000\040\000d\000e\000\040\000e\000x\000p\000a\000n\000s\000i\000\363\000n\000\040\000F\000l\000o\000w\000\040\000D\000e\000c\000k}{chapter.55}% 38
\BOOKMARK [2][-]{subsection.70}{\376\377\000M\000o\000n\000t\000a\000j\000e\000\040\000y\000\040\000r\000e\000c\000o\000n\000o\000c\000i\000m\000i\000e\000n\000t\000o\000\040\000d\000e\000\040\000l\000a\000\040\000p\000l\000a\000c\000a}{section.69}% 39
\BOOKMARK [2][-]{subsection.75}{\376\377\000P\000r\000u\000e\000b\000a\000s\000\040\000d\000e\000\040\000p\000o\000s\000i\000c\000i\000o\000n\000a\000m\000i\000e\000n\000t\000o}{section.69}% 40
\BOOKMARK [1][-]{section.77}{\376\377\000A\000d\000a\000p\000t\000a\000c\000i\000\363\000n\000\040\000d\000e\000\040\000e\000n\000t\000o\000r\000n\000o}{chapter.55}% 41
\BOOKMARK [2][-]{subsection.78}{\376\377\000S\000u\000p\000e\000r\000f\000i\000c\000i\000e\000s\000\040\000y\000\040\000c\000o\000n\000d\000i\000c\000i\000o\000n\000e\000s\000\040\000d\000e\000s\000f\000a\000v\000o\000r\000a\000b\000l\000e\000s}{section.77}% 42
\BOOKMARK [2][-]{subsection.81}{\376\377\000S\000o\000l\000u\000c\000i\000\363\000n\000\040\000d\000e\000\040\000e\000n\000t\000o\000r\000n\000o\000\040\000y\000\040\000o\000b\000s\000e\000r\000v\000a\000c\000i\000o\000n\000e\000s}{section.77}% 43
\BOOKMARK [0][-]{chapter.83}{\376\377\000H\000e\000r\000r\000a\000m\000i\000e\000n\000t\000a\000s\000\040\000d\000e\000\040\000s\000o\000f\000t\000w\000a\000r\000e\000\040\000p\000a\000r\000a\000\040\000c\000o\000n\000t\000r\000o\000l\000\040\000i\000n\000d\000i\000v\000i\000d\000u\000a\000l\000\040\000d\000e\000\040\000d\000r\000o\000n\000\040\000C\000r\000a\000z\000y\000f\000l\000i\000e}{}% 44
\BOOKMARK [1][-]{section.84}{\376\377\000A\000l\000g\000o\000r\000i\000t\000m\000o\000s\000\040\000d\000e\000\040\000c\000o\000n\000t\000r\000o\000l\000\040\000b\000\341\000s\000i\000c\000o\000\040\000e\000n\000\040\000P\000y\000t\000h\000o\000n}{chapter.83}% 45
\BOOKMARK [2][-]{subsection.85}{\376\377\000I\000n\000s\000t\000a\000l\000a\000c\000i\000\363\000n\000\040\000d\000e\000\040\000l\000i\000b\000r\000e\000r\000\355\000a\000\040\000c\000f\000l\000i\000b}{section.84}% 46
\BOOKMARK [2][-]{subsection.110}{\376\377\000U\000s\000o\000\040\000d\000e\000\040\000l\000i\000b\000r\000e\000r\000\355\000a\000\040\000c\000f\000l\000i\000b\000\040\000y\000\040\000r\000e\000c\000u\000r\000s\000o\000s\000\040\000a\000d\000i\000c\000i\000o\000n\000a\000l\000e\000s}{section.84}% 47
\BOOKMARK [2][-]{subsection.113}{\376\377\000D\000e\000s\000a\000r\000r\000o\000l\000l\000o\000\040\000d\000e\000\040\000a\000l\000g\000o\000r\000i\000t\000m\000o\000s\000\040\000d\000e\000\040\000c\000o\000n\000t\000r\000o\000l}{section.84}% 48
\BOOKMARK [2][-]{subsection.118}{\376\377\000E\000x\000p\000e\000r\000i\000m\000e\000n\000t\000o\000s\000\040\000c\000o\000n\000\040\000a\000l\000g\000o\000r\000i\000t\000m\000o\000s\000\040\000d\000e\000\040\000c\000o\000n\000t\000r\000o\000l}{section.84}% 49
\BOOKMARK [1][-]{section.168}{\376\377\000A\000l\000g\000o\000r\000i\000t\000m\000o\000s\000\040\000d\000e\000\040\000c\000o\000n\000t\000r\000o\000l\000\040\000b\000\341\000s\000i\000c\000o\000\040\000d\000e\000s\000d\000e\000\040\000M\000a\000t\000l\000a\000b}{chapter.83}% 50
\BOOKMARK [2][-]{subsection.169}{\376\377\000I\000n\000t\000e\000r\000f\000a\000z\000\040\000d\000e\000\040\000M\000a\000t\000l\000a\000b\000\040\000p\000a\000r\000a\000\040\000i\000n\000t\000e\000r\000a\000c\000c\000i\000\363\000n\000\040\000c\000o\000n\000\040\000P\000y\000t\000h\000o\000n}{section.168}% 51
\BOOKMARK [2][-]{subsection.170}{\376\377\000C\000o\000n\000f\000i\000g\000u\000r\000a\000c\000i\000\363\000n\000\040\000d\000e\000l\000\040\000e\000n\000t\000o\000r\000n\000o\000\040\000e\000n\000\040\000M\000a\000t\000l\000a\000b}{section.168}% 52
\BOOKMARK [2][-]{subsection.197}{\376\377\000A\000l\000g\000o\000r\000i\000t\000m\000o\000s\000\040\000d\000e\000\040\000c\000o\000n\000t\000r\000o\000l\000\040\000e\000n\000\040\000P\000y\000t\000h\000o\000n\000\040\000d\000e\000s\000d\000e\000\040\000M\000a\000t\000l\000a\000b}{section.168}% 53
\BOOKMARK [2][-]{subsection.202}{\376\377\000E\000x\000p\000e\000r\000i\000m\000e\000n\000t\000o\000s\000\040\000c\000o\000n\000\040\000a\000l\000g\000o\000r\000i\000t\000m\000o\000s\000\040\000d\000e\000\040\000c\000o\000n\000t\000r\000o\000l\000\040\000d\000e\000s\000d\000e\000\040\000M\000a\000t\000l\000a\000b}{section.168}% 54
\BOOKMARK [1][-]{section.240}{\376\377\000F\000u\000s\000i\000\363\000n\000\040\000d\000e\000\040\000s\000e\000n\000s\000o\000r\000e\000s}{chapter.83}% 55
\BOOKMARK [2][-]{subsection.241}{\376\377\000S\000i\000s\000t\000e\000m\000a\000\040\000d\000e\000\040\000c\000a\000p\000t\000u\000r\000a\000\040\000d\000e\000\040\000m\000o\000v\000i\000m\000i\000e\000n\000t\000o\000\040\000y\000\040\000f\000u\000n\000c\000i\000o\000n\000a\000m\000i\000e\000n\000t\000o\000\040\000d\000e\000s\000d\000e\000\040\000M\000a\000t\000l\000a\000b}{section.240}% 56
\BOOKMARK [2][-]{subsection.245}{\376\377\000I\000m\000p\000l\000e\000m\000e\000n\000t\000a\000c\000i\000\363\000n\000\040\000d\000e\000\040\000f\000u\000s\000i\000\363\000n\000\040\000d\000e\000\040\000s\000e\000n\000s\000o\000r\000e\000s}{section.240}% 57
\BOOKMARK [2][-]{subsection.249}{\376\377\000P\000r\000u\000e\000b\000a\000s\000\040\000d\000e\000\040\000a\000l\000g\000o\000r\000i\000t\000m\000o\000s\000\040\000d\000e\000\040\000c\000o\000n\000t\000r\000o\000l\000\040\000c\000o\000n\000\040\000f\000u\000s\000i\000\363\000n\000\040\000d\000e\000\040\000s\000e\000n\000s\000o\000r\000e\000s\000\040\000d\000e\000s\000d\000e\000\040\000M\000a\000t\000l\000a\000b}{section.240}% 58
\BOOKMARK [1][-]{section.300}{\376\377\000S\000i\000m\000u\000l\000a\000d\000o\000r\000e\000s\000\040\000p\000a\000r\000a\000\040\000d\000r\000o\000n\000\040\000C\000r\000a\000z\000y\000f\000l\000i\000e\000\040\0002\000.\0001}{chapter.83}% 59
\BOOKMARK [2][-]{subsection.301}{\376\377\000W\000e\000b\000o\000t\000s}{section.300}% 60
\BOOKMARK [0][-]{chapter.305}{\376\377\000M\000a\000n\000u\000a\000l\000\040\000d\000e\000\040\000u\000s\000u\000a\000r\000i\000o\000\040\000y\000\040\000g\000u\000\355\000a\000s\000\040\000d\000e\000\040\000l\000a\000b\000o\000r\000a\000t\000o\000r\000i\000o\000\040\000d\000e\000s\000a\000r\000r\000o\000l\000l\000a\000d\000a\000s}{}% 61
\BOOKMARK [1][-]{section.306}{\376\377\000M\000a\000n\000u\000a\000l\000\040\000d\000e\000\040\000u\000s\000u\000a\000r\000i\000o\000\040\000d\000e\000\040\000C\000r\000a\000z\000y\000f\000l\000i\000e\000\040\000c\000o\000n\000\040\000l\000a\000\040\000p\000l\000a\000c\000a\000\040\000F\000l\000o\000w\000\040\000D\000e\000c\000k}{chapter.305}% 62
\BOOKMARK [2][-]{subsection.307}{\376\377\000D\000e\000s\000c\000r\000i\000p\000c\000i\000\363\000n}{section.306}% 63
\BOOKMARK [2][-]{subsection.308}{\376\377\000O\000b\000j\000e\000t\000i\000v\000o\000s}{section.306}% 64
\BOOKMARK [2][-]{subsection.309}{\376\377\000P\000r\000u\000e\000b\000a\000\040\000p\000i\000l\000o\000t\000o}{section.306}% 65
\BOOKMARK [1][-]{section.313}{\376\377\000G\000u\000\355\000a\000\040\000d\000e\000\040\000l\000a\000b\000o\000r\000a\000t\000o\000r\000i\000o\000\040\000p\000a\000r\000a\000\040\000S\000i\000s\000t\000e\000m\000a\000s\000\040\000d\000e\000\040\000C\000o\000n\000t\000r\000o\000l\000\040\0001\000:\000\040\000C\000o\000n\000t\000r\000o\000l\000\040\000d\000e\000\040\000a\000l\000t\000u\000r\000a\000\040\000d\000e\000l\000\040\000d\000r\000o\000n\000\040\000C\000r\000a\000z\000y\000f\000l\000i\000e\000\040\0002\000.\0001}{chapter.305}% 66
\BOOKMARK [2][-]{subsection.314}{\376\377\000D\000e\000s\000c\000r\000i\000p\000c\000i\000\363\000n}{section.313}% 67
\BOOKMARK [2][-]{subsection.315}{\376\377\000O\000b\000j\000e\000t\000i\000v\000o\000s}{section.313}% 68
\BOOKMARK [2][-]{subsection.316}{\376\377\000P\000r\000u\000e\000b\000a\000\040\000p\000i\000l\000o\000t\000o}{section.313}% 69
\BOOKMARK [1][-]{section.320}{\376\377\000G\000u\000\355\000a\000\040\000d\000e\000\040\000l\000a\000b\000o\000r\000a\000t\000o\000r\000i\000o\000\040\000p\000a\000r\000a\000\040\000R\000o\000b\000\363\000t\000i\000c\000a\000\040\0001\000:\000\040\000G\000e\000n\000e\000r\000a\000c\000i\000\363\000n\000\040\000y\000\040\000s\000e\000g\000u\000i\000m\000i\000e\000n\000t\000o\000\040\000d\000e\000\040\000t\000r\000a\000y\000e\000c\000t\000o\000r\000i\000a\000s\000\040\000c\000o\000n\000\040\000C\000r\000a\000z\000y\000f\000l\000i\000e\000\040\0002\000.\0001}{chapter.305}% 70
\BOOKMARK [2][-]{subsection.321}{\376\377\000D\000e\000s\000c\000r\000i\000p\000c\000i\000\363\000n}{section.320}% 71
\BOOKMARK [2][-]{subsection.322}{\376\377\000O\000b\000j\000e\000t\000i\000v\000o\000s}{section.320}% 72
\BOOKMARK [2][-]{subsection.323}{\376\377\000P\000r\000u\000e\000b\000a\000\040\000p\000i\000l\000o\000t\000o}{section.320}% 73
\BOOKMARK [0][-]{chapter.327}{\376\377\000C\000o\000n\000c\000l\000u\000s\000i\000o\000n\000e\000s}{}% 74
\BOOKMARK [0][-]{chapter.328}{\376\377\000R\000e\000c\000o\000m\000e\000n\000d\000a\000c\000i\000o\000n\000e\000s}{}% 75
\BOOKMARK [0][-]{chapter.330}{\376\377\000B\000i\000b\000l\000i\000o\000g\000r\000a\000f\000\355\000a}{}% 76
\BOOKMARK [0][-]{chapter.331}{\376\377\000A\000n\000e\000x\000o\000s}{}% 77
\BOOKMARK [1][-]{section.332}{\376\377\000R\000e\000p\000o\000s\000i\000t\000o\000r\000i\000o\000\040\000e\000n\000\040\000G\000i\000t\000H\000u\000b}{chapter.331}% 78
\BOOKMARK [1][-]{section.333}{\376\377\000M\000a\000n\000u\000a\000l\000\040\000d\000e\000\040\000u\000s\000u\000a\000r\000i\000o\000\040\000p\000a\000r\000a\000\040\000C\000r\000a\000z\000y\000f\000l\000i\000e\000\040\0002\000.\0001\000\040\000c\000o\000n\000\040\000l\000a\000\040\000p\000l\000a\000c\000a\000\040\000d\000e\000\040\000e\000x\000p\000a\000n\000s\000i\000\363\000n\000\040\000F\000l\000o\000w\000\040\000D\000e\000c\000k}{chapter.331}% 79
\BOOKMARK [1][-]{section.334}{\376\377\000L\000a\000b\000o\000r\000a\000t\000o\000r\000i\000o\000\040\0001\000:\000\040\000C\000o\000n\000t\000r\000o\000l\000\040\000P\000I\000D\000\040\000d\000e\000\040\000a\000l\000t\000u\000r\000a}{chapter.331}% 80
\BOOKMARK [1][-]{section.335}{\376\377\000L\000a\000b\000o\000r\000a\000t\000o\000r\000i\000o\000\040\0002\000:\000\040\000S\000e\000g\000u\000i\000m\000i\000e\000n\000t\000o\000\040\000d\000e\000\040\000t\000r\000a\000y\000e\000c\000t\000o\000r\000i\000a\000s}{chapter.331}% 81
\BOOKMARK [1][-]{section.336}{\376\377\000F\000u\000n\000c\000i\000o\000n\000e\000s\000\040\000d\000e\000\040\000c\000o\000n\000t\000r\000o\000l\000\040\000d\000e\000s\000a\000r\000r\000o\000l\000l\000a\000d\000a\000s\000\040\000e\000n\000\040\000P\000y\000t\000h\000o\000n}{chapter.331}% 82
\BOOKMARK [2][-]{subsection.337}{\376\377\000F\000u\000n\000c\000i\000\363\000n\000\040\000c\000o\000n\000n\000e\000c\000t}{section.336}% 83
\BOOKMARK [2][-]{subsection.354}{\376\377\000F\000u\000n\000c\000i\000\363\000n\000\040\000d\000i\000s\000c\000o\000n\000n\000e\000c\000t}{section.336}% 84
\BOOKMARK [2][-]{subsection.366}{\376\377\000F\000u\000n\000c\000i\000\363\000n\000\040\000g\000e\000t\000\137\000p\000o\000s\000e}{section.336}% 85
\BOOKMARK [2][-]{subsection.412}{\376\377\000F\000u\000n\000c\000i\000\363\000n\000\040\000g\000e\000t\000\137\000p\000i\000d\000\137\000v\000a\000l\000u\000e\000s}{section.336}% 86
\BOOKMARK [2][-]{subsection.437}{\376\377\000F\000u\000n\000c\000i\000\363\000n\000\040\000g\000e\000t\000\137\000p\000i\000d\000\137\000x}{section.336}% 87
\BOOKMARK [2][-]{subsection.451}{\376\377\000F\000u\000n\000c\000i\000\363\000n\000\040\000d\000e\000t\000e\000c\000t\000\137\000f\000l\000o\000w\000\137\000d\000e\000c\000k}{section.336}% 88
\BOOKMARK [2][-]{subsection.465}{\376\377\000F\000u\000n\000c\000i\000\363\000n\000\040\000s\000e\000t\000\137\000p\000o\000s\000i\000t\000i\000o\000n}{section.336}% 89
\BOOKMARK [2][-]{subsection.477}{\376\377\000F\000u\000n\000c\000i\000\363\000n\000\040\000s\000e\000t\000\137\000p\000i\000d\000\137\000x}{section.336}% 90
\BOOKMARK [2][-]{subsection.488}{\376\377\000F\000u\000n\000c\000i\000\363\000n\000\040\000s\000e\000t\000\137\000p\000i\000d\000\137\000v\000a\000l\000u\000e\000s}{section.336}% 91
\BOOKMARK [2][-]{subsection.505}{\376\377\000F\000u\000n\000c\000i\000\363\000n\000\040\000t\000a\000k\000e\000o\000f\000f}{section.336}% 92
\BOOKMARK [2][-]{subsection.521}{\376\377\000F\000u\000n\000c\000i\000\363\000n\000\040\000l\000a\000n\000d}{section.336}% 93
\BOOKMARK [2][-]{subsection.538}{\376\377\000F\000u\000n\000c\000i\000\363\000n\000\040\000m\000o\000v\000e\000\137\000t\000o\000\137\000p\000o\000s\000i\000t\000i\000o\000n}{section.336}% 94
\BOOKMARK [0][-]{chapter.553}{\376\377\000G\000l\000o\000s\000a\000r\000i\000o}{}% 95
