This is pdfTeX, Version 3.141592653-2.6-1.40.25 (MiKTeX 24.1) (preloaded format=pdflatex 2024.7.6)  18 OCT 2024 15:19
entering extended mode
 restricted \write18 enabled.
 %&-line parsing enabled.
**./z-main.tex
(z-main.tex
LaTeX2e <2023-11-01> patch level 1
L3 programming layer <2024-01-04>
(0-datos_estudiante.tex)
(C:\Users\pjcaa\AppData\Local\Programs\MiKTeX\tex/latex/base\report.cls
Document Class: report 2023/05/17 v1.4n Standard LaTeX document class
(C:\Users\pjcaa\AppData\Local\Programs\MiKTeX\tex/latex/base\size11.clo
File: size11.clo 2023/05/17 v1.4n Standard LaTeX file (size option)
)
\c@part=\count187
\c@chapter=\count188
\c@section=\count189
\c@subsection=\count190
\c@subsubsection=\count191
\c@paragraph=\count192
\c@subparagraph=\count193
\c@figure=\count194
\c@table=\count195
\abovecaptionskip=\skip48
\belowcaptionskip=\skip49
\bibindent=\dimen140
)
(C:\Users\pjcaa\AppData\Local\Programs\MiKTeX\tex/generic/babel\babel.sty
Package: babel 2024/01/07 v24.1 The Babel package
\babel@savecnt=\count196
\U@D=\dimen141
\l@unhyphenated=\language79

(C:\Users\pjcaa\AppData\Local\Programs\MiKTeX\tex/generic/babel\txtbabel.def)
\bbl@readstream=\read2
\bbl@dirlevel=\count197

*************************************
* Local config file bblopts.cfg used
*
(C:\Users\pjcaa\AppData\Local\Programs\MiKTeX\tex/latex/arabi\bblopts.cfg
File: bblopts.cfg 2005/09/08 v0.1 add Arabic and Farsi to "declared" options of
 babel
)
(C:\Users\pjcaa\AppData\Local\Programs\MiKTeX\tex/latex/babel-spanish\spanish.l
df
Language: spanish.ldf 2021/05/27 v5.0q Spanish support from the babel system
\es@quottoks=\toks17
\es@quotdepth=\count198
Package babel Info: Making " an active character on input line 570.
))
(C:\Users\pjcaa\AppData\Local\Programs\MiKTeX\tex/generic/babel/locale/es\babel
-spanish.tex
Package babel Info: Importing font and identification data for spanish
(babel)             from babel-es.ini. Reported on input line 11.
)
LaTeX Info: Redefining \. on input line 16.
LaTeX Info: Redefining \% on input line 16.

(C:\Users\pjcaa\AppData\Local\Programs\MiKTeX\tex/latex/base\inputenc.sty
Package: inputenc 2021/02/14 v1.3d Input encoding file
\inpenc@prehook=\toks18
\inpenc@posthook=\toks19
)
(C:\Users\pjcaa\AppData\Local\Programs\MiKTeX\tex/latex/base\fontenc.sty
Package: fontenc 2021/04/29 v2.0v Standard LaTeX package
)
(0-datos_estudiante.tex) (1-opciones_adicionales.tex)
(C:\Users\pjcaa\AppData\Local\Programs\MiKTeX\tex/latex/xcolor\xcolor.sty
Package: xcolor 2023/11/15 v3.01 LaTeX color extensions (UK)

(C:\Users\pjcaa\AppData\Local\Programs\MiKTeX\tex/latex/graphics-cfg\color.cfg
File: color.cfg 2016/01/02 v1.6 sample color configuration
)
Package xcolor Info: Driver file: pdftex.def on input line 274.

(C:\Users\pjcaa\AppData\Local\Programs\MiKTeX\tex/latex/graphics-def\pdftex.def
File: pdftex.def 2022/09/22 v1.2b Graphics/color driver for pdftex
)
(C:\Users\pjcaa\AppData\Local\Programs\MiKTeX\tex/latex/graphics\mathcolor.ltx)
Package xcolor Info: Model `cmy' substituted by `cmy0' on input line 1350.
Package xcolor Info: Model `hsb' substituted by `rgb' on input line 1354.
Package xcolor Info: Model `RGB' extended on input line 1366.
Package xcolor Info: Model `HTML' substituted by `rgb' on input line 1368.
Package xcolor Info: Model `Hsb' substituted by `hsb' on input line 1369.
Package xcolor Info: Model `tHsb' substituted by `hsb' on input line 1370.
Package xcolor Info: Model `HSB' substituted by `hsb' on input line 1371.
Package xcolor Info: Model `Gray' substituted by `gray' on input line 1372.
Package xcolor Info: Model `wave' substituted by `hsb' on input line 1373.
) (C:\Users\pjcaa\AppData\Local\Programs\MiKTeX\tex/latex/amsfonts\amsfonts.sty
Package: amsfonts 2013/01/14 v3.01 Basic AMSFonts support
\@emptytoks=\toks20
\symAMSa=\mathgroup4
\symAMSb=\mathgroup5
LaTeX Font Info:    Redeclaring math symbol \hbar on input line 98.
LaTeX Font Info:    Overwriting math alphabet `\mathfrak' in version `bold'
(Font)                  U/euf/m/n --> U/euf/b/n on input line 106.
) (C:\Users\pjcaa\AppData\Local\Programs\MiKTeX\tex/latex/amsmath\amsmath.sty
Package: amsmath 2023/05/13 v2.17o AMS math features
\@mathmargin=\skip50

For additional information on amsmath, use the `?' option.
(C:\Users\pjcaa\AppData\Local\Programs\MiKTeX\tex/latex/amsmath\amstext.sty
Package: amstext 2021/08/26 v2.01 AMS text

(C:\Users\pjcaa\AppData\Local\Programs\MiKTeX\tex/latex/amsmath\amsgen.sty
File: amsgen.sty 1999/11/30 v2.0 generic functions
\@emptytoks=\toks21
\ex@=\dimen142
))
(C:\Users\pjcaa\AppData\Local\Programs\MiKTeX\tex/latex/amsmath\amsbsy.sty
Package: amsbsy 1999/11/29 v1.2d Bold Symbols
\pmbraise@=\dimen143
)
(C:\Users\pjcaa\AppData\Local\Programs\MiKTeX\tex/latex/amsmath\amsopn.sty
Package: amsopn 2022/04/08 v2.04 operator names
)
\inf@bad=\count199
LaTeX Info: Redefining \frac on input line 234.
\uproot@=\count266
\leftroot@=\count267
LaTeX Info: Redefining \overline on input line 399.
LaTeX Info: Redefining \colon on input line 410.
\classnum@=\count268
\DOTSCASE@=\count269
LaTeX Info: Redefining \ldots on input line 496.
LaTeX Info: Redefining \dots on input line 499.
LaTeX Info: Redefining \cdots on input line 620.
\Mathstrutbox@=\box51
\strutbox@=\box52
LaTeX Info: Redefining \big on input line 722.
LaTeX Info: Redefining \Big on input line 723.
LaTeX Info: Redefining \bigg on input line 724.
LaTeX Info: Redefining \Bigg on input line 725.
\big@size=\dimen144
LaTeX Font Info:    Redeclaring font encoding OML on input line 743.
LaTeX Font Info:    Redeclaring font encoding OMS on input line 744.
\macc@depth=\count270
LaTeX Info: Redefining \bmod on input line 905.
LaTeX Info: Redefining \pmod on input line 910.
LaTeX Info: Redefining \smash on input line 940.
LaTeX Info: Redefining \relbar on input line 970.
LaTeX Info: Redefining \Relbar on input line 971.
\c@MaxMatrixCols=\count271
\dotsspace@=\muskip16
\c@parentequation=\count272
\dspbrk@lvl=\count273
\tag@help=\toks22
\row@=\count274
\column@=\count275
\maxfields@=\count276
\andhelp@=\toks23
\eqnshift@=\dimen145
\alignsep@=\dimen146
\tagshift@=\dimen147
\tagwidth@=\dimen148
\totwidth@=\dimen149
\lineht@=\dimen150
\@envbody=\toks24
\multlinegap=\skip51
\multlinetaggap=\skip52
\mathdisplay@stack=\toks25
LaTeX Info: Redefining \[ on input line 2953.
LaTeX Info: Redefining \] on input line 2954.
)
(C:\Users\pjcaa\AppData\Local\Programs\MiKTeX\tex/latex/amsfonts\amssymb.sty
Package: amssymb 2013/01/14 v3.01 AMS font symbols
)
(C:\Users\pjcaa\AppData\Local\Programs\MiKTeX\tex/latex/amscls\amsthm.sty
Package: amsthm 2020/05/29 v2.20.6
\thm@style=\toks26
\thm@bodyfont=\toks27
\thm@headfont=\toks28
\thm@notefont=\toks29
\thm@headpunct=\toks30
\thm@preskip=\skip53
\thm@postskip=\skip54
\thm@headsep=\skip55
\dth@everypar=\toks31
)
(C:\Users\pjcaa\AppData\Local\Programs\MiKTeX\tex/latex/mathtools\mathtools.sty
Package: mathtools 2024/03/11 v1.30 mathematical typesetting tools
(C:\Users\pjcaa\AppData\Local\Programs\MiKTeX\tex/latex/graphics\keyval.sty
Package: keyval 2022/05/29 v1.15 key=value parser (DPC)
\KV@toks@=\toks32
)
(C:\Users\pjcaa\AppData\Local\Programs\MiKTeX\tex/latex/tools\calc.sty
Package: calc 2023/07/08 v4.3 Infix arithmetic (KKT,FJ)
\calc@Acount=\count277
\calc@Bcount=\count278
\calc@Adimen=\dimen151
\calc@Bdimen=\dimen152
\calc@Askip=\skip56
\calc@Bskip=\skip57
LaTeX Info: Redefining \setlength on input line 80.
LaTeX Info: Redefining \addtolength on input line 81.
\calc@Ccount=\count279
\calc@Cskip=\skip58
)
(C:\Users\pjcaa\AppData\Local\Programs\MiKTeX\tex/latex/mathtools\mhsetup.sty
Package: mhsetup 2021/03/18 v1.4 programming setup (MH)
)
\g_MT_multlinerow_int=\count280
\l_MT_multwidth_dim=\dimen153
\origjot=\skip59
\l_MT_shortvdotswithinadjustabove_dim=\dimen154
\l_MT_shortvdotswithinadjustbelow_dim=\dimen155
\l_MT_above_intertext_sep=\dimen156
\l_MT_below_intertext_sep=\dimen157
\l_MT_above_shortintertext_sep=\dimen158
\l_MT_below_shortintertext_sep=\dimen159
\xmathstrut@box=\box53
\xmathstrut@dim=\dimen160
) (C:\Users\pjcaa\AppData\Local\Programs\MiKTeX\tex/latex/graphics\graphicx.sty
Package: graphicx 2021/09/16 v1.2d Enhanced LaTeX Graphics (DPC,SPQR)

(C:\Users\pjcaa\AppData\Local\Programs\MiKTeX\tex/latex/graphics\graphics.sty
Package: graphics 2022/03/10 v1.4e Standard LaTeX Graphics (DPC,SPQR)

(C:\Users\pjcaa\AppData\Local\Programs\MiKTeX\tex/latex/graphics\trig.sty
Package: trig 2021/08/11 v1.11 sin cos tan (DPC)
)
(C:\Users\pjcaa\AppData\Local\Programs\MiKTeX\tex/latex/graphics-cfg\graphics.c
fg
File: graphics.cfg 2016/06/04 v1.11 sample graphics configuration
)
Package graphics Info: Driver file: pdftex.def on input line 107.
)
\Gin@req@height=\dimen161
\Gin@req@width=\dimen162
)
(C:\Users\pjcaa\AppData\Local\Programs\MiKTeX\tex/latex/l3packages/xfrac\xfrac.
sty (C:\Users\pjcaa\AppData\Local\Programs\MiKTeX\tex/latex/l3kernel\expl3.sty
Package: expl3 2024-01-04 L3 programming layer (loader) 

(C:\Users\pjcaa\AppData\Local\Programs\MiKTeX\tex/latex/l3backend\l3backend-pdf
tex.def
File: l3backend-pdftex.def 2024-01-04 L3 backend support: PDF output (pdfTeX)
\l__color_backend_stack_int=\count281
\l__pdf_internal_box=\box54
))
(C:\Users\pjcaa\AppData\Local\Programs\MiKTeX\tex/latex/l3packages/l3keys2e\l3k
eys2e.sty
Package: l3keys2e 2023-10-10 LaTeX2e option processing using LaTeX3 keys
)
(C:\Users\pjcaa\AppData\Local\Programs\MiKTeX\tex/latex/base\textcomp.sty
Package: textcomp 2020/02/02 v2.0n Standard LaTeX package
)
(C:\Users\pjcaa\AppData\Local\Programs\MiKTeX\tex/latex/l3packages/xparse\xpars
e.sty
Package: xparse 2023-10-10 L3 Experimental document command parser
)
(C:\Users\pjcaa\AppData\Local\Programs\MiKTeX\tex/latex/l3packages/xtemplate\xt
emplate.sty
Package: xtemplate 2023-10-10 L3 Experimental prototype document functions
\l__xtemplate_tmp_dim=\dimen163
\l__xtemplate_tmp_int=\count282
\l__xtemplate_tmp_muskip=\muskip17
\l__xtemplate_tmp_skip=\skip60
)
Package: xfrac 2023-10-10 L3 Experimental split-level fractions
\l__xfrac_slash_box=\box55
\l__xfrac_tmp_box=\box56
\l__xfrac_denominator_bot_sep_dim=\dimen164
\l__xfrac_numerator_bot_sep_dim=\dimen165
\l__xfrac_numerator_top_sep_dim=\dimen166
\l__xfrac_slash_left_sep_dim=\dimen167
\l__xfrac_slash_right_sep_dim=\dimen168
\l__xfrac_slash_left_muskip=\muskip18
\l__xfrac_slash_right_muskip=\muskip19

Package xtemplate Info: Declaring object type 'xfrac' taking 3 argument(s) on
(xtemplate)             line 80.

)
(C:\Users\pjcaa\AppData\Local\Programs\MiKTeX\tex/latex/float\float.sty
Package: float 2001/11/08 v1.3d Float enhancements (AL)
\c@float@type=\count283
\float@exts=\toks33
\float@box=\box57
\@float@everytoks=\toks34
\@floatcapt=\box58
)
(C:\Users\pjcaa\AppData\Local\Programs\MiKTeX\tex/latex/hyperref\hyperref.sty
Package: hyperref 2023-11-26 v7.01g Hypertext links for LaTeX

(C:\Users\pjcaa\AppData\Local\Programs\MiKTeX\tex/generic/iftex\iftex.sty
Package: iftex 2022/02/03 v1.0f TeX engine tests
)
(C:\Users\pjcaa\AppData\Local\Programs\MiKTeX\tex/generic/infwarerr\infwarerr.s
ty
Package: infwarerr 2019/12/03 v1.5 Providing info/warning/error messages (HO)
)
(C:\Users\pjcaa\AppData\Local\Programs\MiKTeX\tex/latex/kvsetkeys\kvsetkeys.sty
Package: kvsetkeys 2022-10-05 v1.19 Key value parser (HO)
)
(C:\Users\pjcaa\AppData\Local\Programs\MiKTeX\tex/generic/kvdefinekeys\kvdefine
keys.sty
Package: kvdefinekeys 2019-12-19 v1.6 Define keys (HO)
)
(C:\Users\pjcaa\AppData\Local\Programs\MiKTeX\tex/generic/pdfescape\pdfescape.s
ty
Package: pdfescape 2019/12/09 v1.15 Implements pdfTeX's escape features (HO)

(C:\Users\pjcaa\AppData\Local\Programs\MiKTeX\tex/generic/ltxcmds\ltxcmds.sty
Package: ltxcmds 2023-12-04 v1.26 LaTeX kernel commands for general use (HO)
)
(C:\Users\pjcaa\AppData\Local\Programs\MiKTeX\tex/generic/pdftexcmds\pdftexcmds
.sty
Package: pdftexcmds 2020-06-27 v0.33 Utility functions of pdfTeX for LuaTeX (HO
)
Package pdftexcmds Info: \pdf@primitive is available.
Package pdftexcmds Info: \pdf@ifprimitive is available.
Package pdftexcmds Info: \pdfdraftmode found.
))
(C:\Users\pjcaa\AppData\Local\Programs\MiKTeX\tex/latex/hycolor\hycolor.sty
Package: hycolor 2020-01-27 v1.10 Color options for hyperref/bookmark (HO)
)
(C:\Users\pjcaa\AppData\Local\Programs\MiKTeX\tex/latex/letltxmacro\letltxmacro
.sty
Package: letltxmacro 2019/12/03 v1.6 Let assignment for LaTeX macros (HO)
)
(C:\Users\pjcaa\AppData\Local\Programs\MiKTeX\tex/latex/auxhook\auxhook.sty
Package: auxhook 2019-12-17 v1.6 Hooks for auxiliary files (HO)
)
(C:\Users\pjcaa\AppData\Local\Programs\MiKTeX\tex/latex/hyperref\nameref.sty
Package: nameref 2023-11-26 v2.56 Cross-referencing by name of section

(C:\Users\pjcaa\AppData\Local\Programs\MiKTeX\tex/latex/refcount\refcount.sty
Package: refcount 2019/12/15 v3.6 Data extraction from label references (HO)
)
(C:\Users\pjcaa\AppData\Local\Programs\MiKTeX\tex/generic/gettitlestring\gettit
lestring.sty
Package: gettitlestring 2019/12/15 v1.6 Cleanup title references (HO)

(C:\Users\pjcaa\AppData\Local\Programs\MiKTeX\tex/latex/kvoptions\kvoptions.sty
Package: kvoptions 2022-06-15 v3.15 Key value format for package options (HO)
))
\c@section@level=\count284
)
(C:\Users\pjcaa\AppData\Local\Programs\MiKTeX\tex/latex/etoolbox\etoolbox.sty
Package: etoolbox 2020/10/05 v2.5k e-TeX tools for LaTeX (JAW)
\etb@tempcnta=\count285
)
\@linkdim=\dimen169
\Hy@linkcounter=\count286
\Hy@pagecounter=\count287

(C:\Users\pjcaa\AppData\Local\Programs\MiKTeX\tex/latex/hyperref\pd1enc.def
File: pd1enc.def 2023-11-26 v7.01g Hyperref: PDFDocEncoding definition (HO)
Now handling font encoding PD1 ...
... no UTF-8 mapping file for font encoding PD1
)
(C:\Users\pjcaa\AppData\Local\Programs\MiKTeX\tex/generic/intcalc\intcalc.sty
Package: intcalc 2019/12/15 v1.3 Expandable calculations with integers (HO)
)
\Hy@SavedSpaceFactor=\count288

(C:\Users\pjcaa\AppData\Local\Programs\MiKTeX\tex/latex/hyperref\puenc.def
File: puenc.def 2023-11-26 v7.01g Hyperref: PDF Unicode definition (HO)
Now handling font encoding PU ...
... no UTF-8 mapping file for font encoding PU
)
Package hyperref Info: Option `hypertexnames' set `false' on input line 4064.
Package hyperref Info: Hyper figures OFF on input line 4181.
Package hyperref Info: Link nesting OFF on input line 4186.
Package hyperref Info: Hyper index ON on input line 4189.
Package hyperref Info: Plain pages OFF on input line 4196.
Package hyperref Info: Backreferencing OFF on input line 4201.
Package hyperref Info: Implicit mode ON; LaTeX internals redefined.
Package hyperref Info: Bookmarks ON on input line 4448.
\c@Hy@tempcnt=\count289

(C:\Users\pjcaa\AppData\Local\Programs\MiKTeX\tex/latex/url\url.sty
\Urlmuskip=\muskip20
Package: url 2013/09/16  ver 3.4  Verb mode for urls, etc.
)
LaTeX Info: Redefining \url on input line 4786.
\XeTeXLinkMargin=\dimen170

(C:\Users\pjcaa\AppData\Local\Programs\MiKTeX\tex/generic/bitset\bitset.sty
Package: bitset 2019/12/09 v1.3 Handle bit-vector datatype (HO)

(C:\Users\pjcaa\AppData\Local\Programs\MiKTeX\tex/generic/bigintcalc\bigintcalc
.sty
Package: bigintcalc 2019/12/15 v1.5 Expandable calculations on big integers (HO
)
))
\Fld@menulength=\count290
\Field@Width=\dimen171
\Fld@charsize=\dimen172
Package hyperref Info: Hyper figures OFF on input line 6065.
Package hyperref Info: Link nesting OFF on input line 6070.
Package hyperref Info: Hyper index ON on input line 6073.
Package hyperref Info: backreferencing OFF on input line 6080.
Package hyperref Info: Link coloring OFF on input line 6085.
Package hyperref Info: Link coloring with OCG OFF on input line 6090.
Package hyperref Info: PDF/A mode OFF on input line 6095.

(C:\Users\pjcaa\AppData\Local\Programs\MiKTeX\tex/latex/base\atbegshi-ltx.sty
Package: atbegshi-ltx 2021/01/10 v1.0c Emulation of the original atbegshi
package with kernel methods
)
\Hy@abspage=\count291
\c@Item=\count292
\c@Hfootnote=\count293
)
Package hyperref Info: Driver (autodetected): hpdftex.
(C:\Users\pjcaa\AppData\Local\Programs\MiKTeX\tex/latex/hyperref\hpdftex.def
File: hpdftex.def 2023-11-26 v7.01g Hyperref driver for pdfTeX

(C:\Users\pjcaa\AppData\Local\Programs\MiKTeX\tex/latex/base\atveryend-ltx.sty
Package: atveryend-ltx 2020/08/19 v1.0a Emulation of the original atveryend pac
kage
with kernel methods
)
\Fld@listcount=\count294
\c@bookmark@seq@number=\count295

(C:\Users\pjcaa\AppData\Local\Programs\MiKTeX\tex/latex/rerunfilecheck\rerunfil
echeck.sty
Package: rerunfilecheck 2022-07-10 v1.10 Rerun checks for auxiliary files (HO)

(C:\Users\pjcaa\AppData\Local\Programs\MiKTeX\tex/generic/uniquecounter\uniquec
ounter.sty
Package: uniquecounter 2019/12/15 v1.4 Provide unlimited unique counter (HO)
)
Package uniquecounter Info: New unique counter `rerunfilecheck' on input line 2
85.
)
\Hy@SectionHShift=\skip61
)
(C:\Users\pjcaa\AppData\Local\Programs\MiKTeX\tex/latex/caption\caption.sty
Package: caption 2023/08/05 v3.6o Customizing captions (AR)

(C:\Users\pjcaa\AppData\Local\Programs\MiKTeX\tex/latex/caption\caption3.sty
Package: caption3 2023/07/31 v2.4d caption3 kernel (AR)
\caption@tempdima=\dimen173
\captionmargin=\dimen174
\caption@leftmargin=\dimen175
\caption@rightmargin=\dimen176
\caption@width=\dimen177
\caption@indent=\dimen178
\caption@parindent=\dimen179
\caption@hangindent=\dimen180
Package caption Info: Standard document class detected.
)
\c@caption@flags=\count296
\c@continuedfloat=\count297
Package caption Info: float package is loaded.
Package caption Info: hyperref package is loaded.
)
(C:\Users\pjcaa\AppData\Local\Programs\MiKTeX\tex/latex/caption\subcaption.sty
Package: subcaption 2023/07/28 v1.6b Sub-captions (AR)
Package caption Info: New subtype `subfigure' on input line 238.
\c@subfigure=\count298
Package caption Info: New subtype `subtable' on input line 238.
\c@subtable=\count299
) (C:\Users\pjcaa\AppData\Local\Programs\MiKTeX\tex/latex/xpatch\xpatch.sty
Package: xpatch 2020/03/25 v0.3a Extending etoolbox patching commands
)
(C:\Users\pjcaa\AppData\Local\Programs\MiKTeX\tex/latex/emptypage\emptypage.sty
Package: emptypage 2010/05/30 v1.2 Suppress page numbers and headings on empty 
pages
) (C:\Users\pjcaa\AppData\Local\Programs\MiKTeX\tex/latex/hyphenat\hyphenat.sty
Package: hyphenat 2009/09/02 v2.3c hyphenation utilities
\langwohyphens=\language80
LaTeX Info: Redefining \_ on input line 43.
) (C:\Users\pjcaa\AppData\Local\Programs\MiKTeX\tex/latex/fancyhdr\fancyhdr.sty
Package: fancyhdr 2024/04/23 v4.2 Extensive control of page headers and footers

\f@nch@headwidth=\skip62
\f@nch@O@elh=\skip63
\f@nch@O@erh=\skip64
\f@nch@O@olh=\skip65
\f@nch@O@orh=\skip66
\f@nch@O@elf=\skip67
\f@nch@O@erf=\skip68
\f@nch@O@olf=\skip69
\f@nch@O@orf=\skip70
) (C:\Users\pjcaa\AppData\Local\Programs\MiKTeX\tex/latex/biblatex\biblatex.sty
Package: biblatex 2023/03/05 v3.19 programmable bibliographies (PK/MW)
(C:\Users\pjcaa\AppData\Local\Programs\MiKTeX\tex/latex/logreq\logreq.sty
Package: logreq 2010/08/04 v1.0 xml request logger
\lrq@indent=\count300

(C:\Users\pjcaa\AppData\Local\Programs\MiKTeX\tex/latex/logreq\logreq.def
File: logreq.def 2010/08/04 v1.0 logreq spec v1.0
))
(C:\Users\pjcaa\AppData\Local\Programs\MiKTeX\tex/latex/base\ifthen.sty
Package: ifthen 2022/04/13 v1.1d Standard LaTeX ifthen package (DPC)
)
\c@tabx@nest=\count301
\c@listtotal=\count302
\c@listcount=\count303
\c@liststart=\count304
\c@liststop=\count305
\c@citecount=\count306
\c@citetotal=\count307
\c@multicitecount=\count308
\c@multicitetotal=\count309
\c@instcount=\count310
\c@maxnames=\count311
\c@minnames=\count312
\c@maxitems=\count313
\c@minitems=\count314
\c@citecounter=\count315
\c@maxcitecounter=\count316
\c@savedcitecounter=\count317
\c@uniquelist=\count318
\c@uniquename=\count319
\c@refsection=\count320
\c@refsegment=\count321
\c@maxextratitle=\count322
\c@maxextratitleyear=\count323
\c@maxextraname=\count324
\c@maxextradate=\count325
\c@maxextraalpha=\count326
\c@abbrvpenalty=\count327
\c@highnamepenalty=\count328
\c@lownamepenalty=\count329
\c@maxparens=\count330
\c@parenlevel=\count331
\blx@tempcnta=\count332
\blx@tempcntb=\count333
\blx@tempcntc=\count334
\c@blx@maxsection=\count335
\blx@maxsegment@0=\count336
\blx@notetype=\count337
\blx@parenlevel@text=\count338
\blx@parenlevel@foot=\count339
\blx@sectionciteorder@0=\count340
\blx@sectionciteorderinternal@0=\count341
\blx@entrysetcounter=\count342
\blx@biblioinstance=\count343
\labelnumberwidth=\skip71
\labelalphawidth=\skip72
\biblabelsep=\skip73
\bibitemsep=\skip74
\bibnamesep=\skip75
\bibinitsep=\skip76
\bibparsep=\skip77
\bibhang=\skip78
\blx@bcfin=\read3
\blx@bcfout=\write3
\blx@langwohyphens=\language81
\c@mincomprange=\count344
\c@maxcomprange=\count345
\c@mincompwidth=\count346
Package biblatex Info: Trying to load biblatex default data model...
Package biblatex Info: ... file 'blx-dm.def' found.

(C:\Users\pjcaa\AppData\Local\Programs\MiKTeX\tex/latex/biblatex\blx-dm.def
File: blx-dm.def 2023/03/05 v3.19 biblatex localization (PK/MW)
)
Package biblatex Info: Trying to load biblatex style data model...
Package biblatex Info: ... file 'ieee.dbx' not found.
Package biblatex Info: Trying to load biblatex custom data model...
Package biblatex Info: ... file 'biblatex-dm.cfg' not found.
\c@afterword=\count347
\c@savedafterword=\count348
\c@annotator=\count349
\c@savedannotator=\count350
\c@author=\count351
\c@savedauthor=\count352
\c@bookauthor=\count353
\c@savedbookauthor=\count354
\c@commentator=\count355
\c@savedcommentator=\count356
\c@editor=\count357
\c@savededitor=\count358
\c@editora=\count359
\c@savededitora=\count360
\c@editorb=\count361
\c@savededitorb=\count362
\c@editorc=\count363
\c@savededitorc=\count364
\c@foreword=\count365
\c@savedforeword=\count366
\c@holder=\count367
\c@savedholder=\count368
\c@introduction=\count369
\c@savedintroduction=\count370
\c@namea=\count371
\c@savednamea=\count372
\c@nameb=\count373
\c@savednameb=\count374
\c@namec=\count375
\c@savednamec=\count376
\c@translator=\count377
\c@savedtranslator=\count378
\c@shortauthor=\count379
\c@savedshortauthor=\count380
\c@shorteditor=\count381
\c@savedshorteditor=\count382
\c@labelname=\count383
\c@savedlabelname=\count384
\c@institution=\count385
\c@savedinstitution=\count386
\c@lista=\count387
\c@savedlista=\count388
\c@listb=\count389
\c@savedlistb=\count390
\c@listc=\count391
\c@savedlistc=\count392
\c@listd=\count393
\c@savedlistd=\count394
\c@liste=\count395
\c@savedliste=\count396
\c@listf=\count397
\c@savedlistf=\count398
\c@location=\count399
\c@savedlocation=\count400
\c@organization=\count401
\c@savedorganization=\count402
\c@origlocation=\count403
\c@savedoriglocation=\count404
\c@origpublisher=\count405
\c@savedorigpublisher=\count406
\c@publisher=\count407
\c@savedpublisher=\count408
\c@language=\count409
\c@savedlanguage=\count410
\c@origlanguage=\count411
\c@savedoriglanguage=\count412
\c@pageref=\count413
\c@savedpageref=\count414
\shorthandwidth=\skip79
\shortjournalwidth=\skip80
\shortserieswidth=\skip81
\shorttitlewidth=\skip82
\shortauthorwidth=\skip83
\shorteditorwidth=\skip84
\locallabelnumberwidth=\skip85
\locallabelalphawidth=\skip86
\localshorthandwidth=\skip87
\localshortjournalwidth=\skip88
\localshortserieswidth=\skip89
\localshorttitlewidth=\skip90
\localshortauthorwidth=\skip91
\localshorteditorwidth=\skip92
Package biblatex Info: Trying to load compatibility code...
Package biblatex Info: ... file 'blx-compat.def' found.

(C:\Users\pjcaa\AppData\Local\Programs\MiKTeX\tex/latex/biblatex\blx-compat.def
File: blx-compat.def 2023/03/05 v3.19 biblatex compatibility (PK/MW)
)
Package biblatex Info: Trying to load generic definitions...
Package biblatex Info: ... file 'biblatex.def' found.
 (C:\Users\pjcaa\AppData\Local\Programs\MiKTeX\tex/latex/biblatex\biblatex.def
File: biblatex.def 2023/03/05 v3.19 biblatex compatibility (PK/MW)
\c@textcitecount=\count415
\c@textcitetotal=\count416
\c@textcitemaxnames=\count417
\c@biburlbigbreakpenalty=\count418
\c@biburlbreakpenalty=\count419
\c@biburlnumpenalty=\count420
\c@biburlucpenalty=\count421
\c@biburllcpenalty=\count422
\biburlbigskip=\muskip21
\biburlnumskip=\muskip22
\biburlucskip=\muskip23
\biburllcskip=\muskip24
\c@smartand=\count423
)
Package biblatex Info: Trying to load bibliography style 'ieee'...
Package biblatex Info: ... file 'ieee.bbx' found.

(C:\Users\pjcaa\AppData\Local\Programs\MiKTeX\tex/latex/biblatex-ieee\ieee.bbx
File: ieee.bbx 2021/12/06 v1.3f biblatex bibliography style
Package biblatex Info: Trying to load bibliography style 'numeric-comp'...
Package biblatex Info: ... file 'numeric-comp.bbx' found.

(C:\Users\pjcaa\AppData\Local\Programs\MiKTeX\tex/latex/biblatex/bbx\numeric-co
mp.bbx
File: numeric-comp.bbx 2023/03/05 v3.19 biblatex bibliography style (PK/MW)
Package biblatex Info: Trying to load bibliography style 'numeric'...
Package biblatex Info: ... file 'numeric.bbx' found.

(C:\Users\pjcaa\AppData\Local\Programs\MiKTeX\tex/latex/biblatex/bbx\numeric.bb
x
File: numeric.bbx 2023/03/05 v3.19 biblatex bibliography style (PK/MW)
Package biblatex Info: Trying to load bibliography style 'standard'...
Package biblatex Info: ... file 'standard.bbx' found.

(C:\Users\pjcaa\AppData\Local\Programs\MiKTeX\tex/latex/biblatex/bbx\standard.b
bx
File: standard.bbx 2023/03/05 v3.19 biblatex bibliography style (PK/MW)
\c@bbx:relatedcount=\count424
\c@bbx:relatedtotal=\count425
))))
Package biblatex Info: Trying to load citation style 'ieee'...
Package biblatex Info: ... file 'ieee.cbx' found.

(C:\Users\pjcaa\AppData\Local\Programs\MiKTeX\tex/latex/biblatex-ieee\ieee.cbx
File: ieee.cbx 2021/12/06 v1.3f biblatex citation style
Package biblatex Info: Trying to load citation style 'numeric-comp'...
Package biblatex Info: ... file 'numeric-comp.cbx' found.

(C:\Users\pjcaa\AppData\Local\Programs\MiKTeX\tex/latex/biblatex/cbx\numeric-co
mp.cbx
File: numeric-comp.cbx 2023/03/05 v3.19 biblatex citation style (PK/MW)
\c@cbx@tempcnta=\count426
\c@cbx@tempcntb=\count427
\c@cbx@tempcntc=\count428
\c@cbx@tempcntd=\count429
Package biblatex Info: Redefining '\cite'.
Package biblatex Info: Redefining '\parencite'.
Package biblatex Info: Redefining '\footcite'.
Package biblatex Info: Redefining '\footcitetext'.
Package biblatex Info: Redefining '\smartcite'.
Package biblatex Info: Redefining '\supercite'.
Package biblatex Info: Redefining '\textcite'.
Package biblatex Info: Redefining '\textcites'.
Package biblatex Info: Redefining '\cites'.
Package biblatex Info: Redefining '\parencites'.
Package biblatex Info: Redefining '\smartcites'.
)
Package biblatex Info: Redefining '\cite'.
Package biblatex Info: Redefining '\supercite'.
Package biblatex Info: Redefining '\cites'.
)
Package biblatex Info: Trying to load configuration file...
Package biblatex Info: ... file 'biblatex.cfg' found.

(C:\Users\pjcaa\AppData\Local\Programs\MiKTeX\tex/latex/biblatex\biblatex.cfg
File: biblatex.cfg 
)
Package biblatex Info: Input encoding 'utf8' detected.
Package biblatex Info: Document encoding is UTF8 ....
Package biblatex Info: ... and expl3
(biblatex)             2024-01-04 L3 programming layer (loader) 
(biblatex)             is new enough (at least 2020/04/06),
(biblatex)             setting 'casechanger=expl3'.

(C:\Users\pjcaa\AppData\Local\Programs\MiKTeX\tex/latex/biblatex\blx-case-expl3
.sty
Package: blx-case-expl3 2023/03/05 v3.19 expl3 case changing code for biblatex
))
(C:\Users\pjcaa\AppData\Local\Programs\MiKTeX\tex/latex/overpic\overpic.sty
Package: overpic 2024/01/06 2.1 picture overlays (RN)

(C:\Users\pjcaa\AppData\Local\Programs\MiKTeX\tex/latex/eepic\epic.sty
Enhancements to Picture Environment. Version 1.2 - Released June 1, 1986
\@@multicnt=\count430
\d@lta=\count431
\@delta=\dimen181
\@@delta=\dimen182
\@gridcnt=\count432
\@joinkind=\count433
\@dotgap=\dimen183
\@ddotgap=\dimen184
\@x@diff=\count434
\@y@diff=\count435
\x@diff=\dimen185
\y@diff=\dimen186
\@dotbox=\box59
\num@segments=\count436
\num@segmentsi=\count437
\@datafile=\read4
)
\OVP@box=\box60
)
(C:\Users\pjcaa\AppData\Local\Programs\MiKTeX\tex/latex/chngcntr\chngcntr.sty
Package: chngcntr 2018/04/09 v1.1a change counter resetting
Package chngcntr Info: \counterwithout already defined.
(chngcntr)             Quitting chngcntr on input line 21.
)
(C:\Users\pjcaa\AppData\Local\Programs\MiKTeX\tex/latex/csquotes\csquotes.sty
Package: csquotes 2024-04-04 v5.2o context-sensitive quotations (JAW)
\csq@reset=\count438
\csq@gtype=\count439
\csq@glevel=\count440
\csq@qlevel=\count441
\csq@maxlvl=\count442
\csq@tshold=\count443
\csq@ltx@everypar=\toks35

(C:\Users\pjcaa\AppData\Local\Programs\MiKTeX\tex/latex/csquotes\csquotes.def
File: csquotes.def 2024-04-04 v5.2o csquotes generic definitions (JAW)
)
Package csquotes Info: Trying to load configuration file 'csquotes.cfg'...
Package csquotes Info: ... configuration file loaded successfully.

(C:\Users\pjcaa\AppData\Local\Programs\MiKTeX\tex/latex/csquotes\csquotes.cfg
File: csquotes.cfg 
)) (C:\Users\pjcaa\AppData\Local\Programs\MiKTeX\tex/latex/base\fontenc.sty
Package: fontenc 2021/04/29 v2.0v Standard LaTeX package
)
(C:\Users\pjcaa\AppData\Local\Programs\MiKTeX\tex/latex/listings\listings.sty
\lst@mode=\count444
\lst@gtempboxa=\box61
\lst@token=\toks36
\lst@length=\count445
\lst@currlwidth=\dimen187
\lst@column=\count446
\lst@pos=\count447
\lst@lostspace=\dimen188
\lst@width=\dimen189
\lst@newlines=\count448
\lst@lineno=\count449
\lst@maxwidth=\dimen190

(C:\Users\pjcaa\AppData\Local\Programs\MiKTeX\tex/latex/listings\lstmisc.sty
File: lstmisc.sty 2023/02/27 1.9 (Carsten Heinz)
\c@lstnumber=\count450
\lst@skipnumbers=\count451
\lst@framebox=\box62
)
(C:\Users\pjcaa\AppData\Local\Programs\MiKTeX\tex/latex/listings\listings.cfg
File: listings.cfg 2023/02/27 1.9 listings configuration
))
Package: listings 2023/02/27 1.9 (Carsten Heinz)
(C:\Users\pjcaa\AppData\Local\Programs\MiKTeX\tex/latex/listings\lstlang1.sty
File: lstlang1.sty 2023/02/27 1.9 listings language file
)
(C:\Users\pjcaa\AppData\Local\Programs\MiKTeX\tex/latex/glossaries/base\glossar
ies.sty
Package: glossaries 2024/04/03 v4.54 (NLCT)

(C:\Users\pjcaa\AppData\Local\Programs\MiKTeX\tex/latex/xkeyval\xkeyval.sty
Package: xkeyval 2022/06/16 v2.9 package option processing (HA)

(C:\Users\pjcaa\AppData\Local\Programs\MiKTeX\tex/generic/xkeyval\xkeyval.tex
(C:\Users\pjcaa\AppData\Local\Programs\MiKTeX\tex/generic/xkeyval\xkvutils.tex
\XKV@toks=\toks37
\XKV@tempa@toks=\toks38
)
\XKV@depth=\count452
File: xkeyval.tex 2014/12/03 v2.7a key=value parser (HA)
))
(C:\Users\pjcaa\AppData\Local\Programs\MiKTeX\tex/latex/mfirstuc\mfirstuc.sty
Package: mfirstuc 2022/10/14 v2.08 (NLCT)
\@glsmfirst=\toks39
\@glsmrest=\toks40
)
(C:\Users\pjcaa\AppData\Local\Programs\MiKTeX\tex/latex/xfor\xfor.sty
Package: xfor 2009/02/05 v1.05 (NLCT)
)
(C:\Users\pjcaa\AppData\Local\Programs\MiKTeX\tex/latex/datatool\datatool-base.
sty
Package: datatool-base 2019/09/27 v2.32 (NLCT)
 (C:\Users\pjcaa\AppData\Local\Programs\MiKTeX\tex/latex/substr\substr.sty
Package: substr 2009/10/20 v1.2 Handle substrings
\c@su@anzahl=\count453
)
(C:\Users\pjcaa\AppData\Local\Programs\MiKTeX\tex/latex/datatool\datatool-fp.st
y
Package: datatool-fp 2019/09/27 v2.32 (NLCT)
 (C:\Users\pjcaa\AppData\Local\Programs\MiKTeX\tex/latex/fp\fp.sty
Package: fp 1995/04/02

`Fixed Point Package', Version 0.8, April 2, 1995 (C) Michael Mehlich
(C:\Users\pjcaa\AppData\Local\Programs\MiKTeX\tex/latex/fp\defpattern.sty
Package: defpattern 1994/10/12
\actioncount=\count454
)
(C:\Users\pjcaa\AppData\Local\Programs\MiKTeX\tex/latex/fp\fp-basic.sty
Package: fp-basic 1996/05/13
\FP@xs=\count455
\FP@xia=\count456
\FP@xib=\count457
\FP@xfa=\count458
\FP@xfb=\count459
\FP@rega=\count460
\FP@regb=\count461
\FP@regs=\count462
\FP@times=\count463
)
(C:\Users\pjcaa\AppData\Local\Programs\MiKTeX\tex/latex/fp\fp-addons.sty
Package: fp-addons 1995/03/15
)
(C:\Users\pjcaa\AppData\Local\Programs\MiKTeX\tex/latex/fp\fp-snap.sty
Package: fp-snap 1995/04/05
)
(C:\Users\pjcaa\AppData\Local\Programs\MiKTeX\tex/latex/fp\fp-exp.sty
Package: fp-exp 1995/04/03
)
(C:\Users\pjcaa\AppData\Local\Programs\MiKTeX\tex/latex/fp\fp-trigo.sty
Package: fp-trigo 1995/04/14
)
(C:\Users\pjcaa\AppData\Local\Programs\MiKTeX\tex/latex/fp\fp-pas.sty
Package: fp-pas 1994/08/29
)
(C:\Users\pjcaa\AppData\Local\Programs\MiKTeX\tex/latex/fp\fp-random.sty
Package: fp-random 1995/02/23
\FPseed=\count464
)
(C:\Users\pjcaa\AppData\Local\Programs\MiKTeX\tex/latex/fp\fp-eqn.sty
Package: fp-eqn 1995/04/03
)
(C:\Users\pjcaa\AppData\Local\Programs\MiKTeX\tex/latex/fp\fp-upn.sty
Package: fp-upn 1996/10/21
)
(C:\Users\pjcaa\AppData\Local\Programs\MiKTeX\tex/latex/fp\fp-eval.sty
Package: fp-eval 1995/04/03
)))
\@dtl@toks=\toks41
\@dtl@tmpcount=\count465
\dtl@tmplength=\skip93
\dtl@sortresult=\count466
\@dtl@numgrpsepcount=\count467
\@dtl@datatype=\count468
\dtl@codeA=\count469
\dtl@codeB=\count470
\@dtl@foreach@level=\count471
)
(C:\Users\pjcaa\AppData\Local\Programs\MiKTeX\tex/latex/tracklang\tracklang.sty
Package: tracklang 2022/12/13 v1.6.1 (NLCT) Track Languages

(C:\Users\pjcaa\AppData\Local\Programs\MiKTeX\tex/generic/tracklang\tracklang.t
ex))
(C:\Users\pjcaa\AppData\Local\Programs\MiKTeX\tex/latex/translator\translator.s
ty
Package: translator 2021-05-31 v1.12d Easy translation of strings in LaTeX
)
(C:\Users\pjcaa\AppData\Local\Programs\MiKTeX\tex/latex/glossaries-spanish\glos
saries-spanish.ldf
File: glossaries-spanish.ldf 2014/11/23 v1.0

(C:\Users\pjcaa\AppData\Local\Programs\MiKTeX\tex/latex/glossaries-spanish\glos
saries-spanish-utf8.ldf))
\gls@level=\count472
\@gls@tmpb=\toks42
\gls@tmplen=\skip94
\glskeylisttok=\toks43
\glslabeltok=\toks44
\glsshorttok=\toks45
\glslongtok=\toks46

(C:\Users\pjcaa\AppData\Local\Programs\MiKTeX\tex/latex/glossaries/styles\gloss
ary-hypernav.sty
Package: glossary-hypernav 2024/04/03 v4.54 (NLCT)
)
(C:\Users\pjcaa\AppData\Local\Programs\MiKTeX\tex/latex/glossaries/styles\gloss
ary-list.sty
Package: glossary-list 2024/04/03 v4.54 (NLCT)
\glslistdottedwidth=\skip95
)
(C:\Users\pjcaa\AppData\Local\Programs\MiKTeX\tex/latex/glossaries/styles\gloss
ary-long.sty
Package: glossary-long 2024/04/03 v4.54 (NLCT)

(C:\Users\pjcaa\AppData\Local\Programs\MiKTeX\tex/latex/tools\longtable.sty
Package: longtable 2023-11-01 v4.19 Multi-page Table package (DPC)
\LTleft=\skip96
\LTright=\skip97
\LTpre=\skip98
\LTpost=\skip99
\LTchunksize=\count473
\LTcapwidth=\dimen191
\LT@head=\box63
\LT@firsthead=\box64
\LT@foot=\box65
\LT@lastfoot=\box66
\LT@gbox=\box67
\LT@cols=\count474
\LT@rows=\count475
\c@LT@tables=\count476
\c@LT@chunks=\count477
\LT@p@ftn=\toks47
)
\glsdescwidth=\skip100
\glspagelistwidth=\skip101
)
(C:\Users\pjcaa\AppData\Local\Programs\MiKTeX\tex/latex/glossaries/styles\gloss
ary-super.sty
Package: glossary-super 2024/04/03 v4.54 (NLCT)

(C:\Users\pjcaa\AppData\Local\Programs\MiKTeX\tex/latex/supertabular\supertabul
ar.sty
Package: supertabular 2020/02/02 v4.1g the supertabular environment
\c@tracingst=\count478
\ST@wd=\dimen192
\ST@rightskip=\skip102
\ST@leftskip=\skip103
\ST@parfillskip=\skip104
\ST@pageleft=\dimen193
\ST@headht=\dimen194
\ST@tailht=\dimen195
\ST@pagesofar=\dimen196
\ST@pboxht=\dimen197
\ST@lineht=\dimen198
\ST@prevht=\dimen199
\ST@toadd=\dimen256
\ST@dimen=\dimen257
\ST@pbox=\box68
))
(C:\Users\pjcaa\AppData\Local\Programs\MiKTeX\tex/latex/glossaries/styles\gloss
ary-tree.sty
Package: glossary-tree 2024/04/03 v4.54 (NLCT)
\glstreeindent=\skip105
))
\glswrite=\write4
\glo@main@file=\write5
\openout5 = `z-main.glo'.

Package glossaries Info: Writing glossary file z-main.glo on input line 99.
 (o-glosario.tex)
(C:\Users\pjcaa\AppData\Local\Programs\MiKTeX\tex/latex/geometry\geometry.sty
Package: geometry 2020/01/02 v5.9 Page Geometry

(C:\Users\pjcaa\AppData\Local\Programs\MiKTeX\tex/generic/iftex\ifvtex.sty
Package: ifvtex 2019/10/25 v1.7 ifvtex legacy package. Use iftex instead.
)
\Gm@cnth=\count479
\Gm@cntv=\count480
\c@Gm@tempcnt=\count481
\Gm@bindingoffset=\dimen258
\Gm@wd@mp=\dimen259
\Gm@odd@mp=\dimen260
\Gm@even@mp=\dimen261
\Gm@layoutwidth=\dimen262
\Gm@layoutheight=\dimen263
\Gm@layouthoffset=\dimen264
\Gm@layoutvoffset=\dimen265
\Gm@dimlist=\toks48

(C:\Users\pjcaa\AppData\Local\Programs\MiKTeX\tex/latex/geometry\geometry.cfg))
(C:\Users\pjcaa\AppData\Local\Programs\MiKTeX\tex/latex/fncychap\fncychap.sty
Package: fncychap 2007/07/30 v1.34 LaTeX package (Revised chapters)
\RW=\skip106
\mylen=\skip107
\myhi=\skip108
\px=\skip109
\py=\skip110
\pyy=\skip111
\pxx=\skip112
)
(2-paquetes_y_comandos_usuario.tex)
Package csquotes Info: Checking for multilingual support...
Package csquotes Info: ... found 'babel' package.
Package csquotes Info: Adjusting default style.
Package csquotes Info: Redefining alias 'default' -> 'spanish'.
 (z-main.aux
LaTeX Info: Redefining \. on input line 9.
LaTeX Info: Redefining \% on input line 9.
LaTeX Info: Redefining \. on input line 16.
LaTeX Info: Redefining \% on input line 16.
)
\openout1 = `z-main.aux'.

LaTeX Font Info:    Checking defaults for OML/cmm/m/it on input line 144.
LaTeX Font Info:    ... okay on input line 144.
LaTeX Font Info:    Checking defaults for OMS/cmsy/m/n on input line 144.
LaTeX Font Info:    ... okay on input line 144.
LaTeX Font Info:    Checking defaults for OT1/cmr/m/n on input line 144.
LaTeX Font Info:    ... okay on input line 144.
LaTeX Font Info:    Checking defaults for T1/cmr/m/n on input line 144.
LaTeX Font Info:    ... okay on input line 144.
LaTeX Font Info:    Checking defaults for TS1/cmr/m/n on input line 144.
LaTeX Font Info:    ... okay on input line 144.
LaTeX Font Info:    Checking defaults for OMX/cmex/m/n on input line 144.
LaTeX Font Info:    ... okay on input line 144.
LaTeX Font Info:    Checking defaults for U/cmr/m/n on input line 144.
LaTeX Font Info:    ... okay on input line 144.
LaTeX Font Info:    Checking defaults for PD1/pdf/m/n on input line 144.
LaTeX Font Info:    ... okay on input line 144.
LaTeX Font Info:    Checking defaults for PU/pdf/m/n on input line 144.
LaTeX Font Info:    ... okay on input line 144.
LaTeX Info: Redefining \. on input line 144.
LaTeX Info: Redefining \% on input line 144.

(C:\Users\pjcaa\AppData\Local\Programs\MiKTeX\tex/context/base/mkii\supp-pdf.mk
ii
[Loading MPS to PDF converter (version 2006.09.02).]
\scratchcounter=\count482
\scratchdimen=\dimen266
\scratchbox=\box69
\nofMPsegments=\count483
\nofMParguments=\count484
\everyMPshowfont=\toks49
\MPscratchCnt=\count485
\MPscratchDim=\dimen267
\MPnumerator=\count486
\makeMPintoPDFobject=\count487
\everyMPtoPDFconversion=\toks50
)
(C:\Users\pjcaa\AppData\Local\Programs\MiKTeX\tex/latex/epstopdf-pkg\epstopdf-b
ase.sty
Package: epstopdf-base 2020-01-24 v2.11 Base part for package epstopdf

(C:\Users\pjcaa\AppData\Local\Programs\MiKTeX\tex/latex/grfext\grfext.sty
Package: grfext 2019/12/03 v1.3 Manage graphics extensions (HO)
)
Package epstopdf-base Info: Redefining graphics rule for `.eps' on input line 4
85.
Package grfext Info: Graphics extension search list:
(grfext)             [.pdf,.png,.jpg,.mps,.jpeg,.jbig2,.jb2,.PDF,.PNG,.JPG,.JPE
G,.JBIG2,.JB2,.eps]
(grfext)             \AppendGraphicsExtensions on input line 504.

(C:\Users\pjcaa\AppData\Local\Programs\MiKTeX\tex/latex/00miktex\epstopdf-sys.c
fg
File: epstopdf-sys.cfg 2021/03/18 v2.0 Configuration of epstopdf for MiKTeX
))
Package hyperref Info: Link coloring OFF on input line 144.
 (z-main.out) (z-main.out)
\@outlinefile=\write6
\openout6 = `z-main.out'.

Package caption Info: Begin \AtBeginDocument code.
Package caption Info: listings package is loaded.
Package caption Info: longtable package is loaded.

(C:\Users\pjcaa\AppData\Local\Programs\MiKTeX\tex/latex/caption\ltcaption.sty
Package: ltcaption 2021/01/08 v1.4c longtable captions (AR)
)
Package caption Info: supertabular package is loaded.
Package caption Info: End \AtBeginDocument code.
Package biblatex Info: Trying to load language 'spanish'...
Package biblatex Info: ... file 'spanish.lbx' found.

(C:\Users\pjcaa\AppData\Local\Programs\MiKTeX\tex/latex/biblatex/lbx\spanish.lb
x
File: spanish.lbx 2023/03/05 v3.19 biblatex localization (PK/MW)
)
Package biblatex Info: Input encoding 'utf8' detected.
Package biblatex Info: Automatic encoding selection.
(biblatex)             Assuming data encoding 'utf8'.
\openout3 = `z-main.bcf'.

Package biblatex Info: Trying to load bibliographic data...
Package biblatex Info: ... file 'z-main.bbl' found.
 (z-main.bbl)
Package biblatex Info: Reference section=0 on input line 144.
Package biblatex Info: Reference segment=0 on input line 144.
\c@lstlisting=\count488

*geometry* driver: auto-detecting
*geometry* detected driver: pdftex
*geometry* verbose mode - [ preamble ] result:
* driver: pdftex
* paper: letterpaper
* layout: <same size as paper>
* layoutoffset:(h,v)=(0.0pt,0.0pt)
* modes: 
* h-part:(L,W,R)=(108.405pt, 433.62001pt, 72.26999pt)
* v-part:(T,H,B)=(72.26999pt, 650.43001pt, 72.26999pt)
* \paperwidth=614.295pt
* \paperheight=794.96999pt
* \textwidth=433.62001pt
* \textheight=650.43001pt
* \oddsidemargin=36.13501pt
* \evensidemargin=36.13501pt
* \topmargin=-37.0pt
* \headheight=12.0pt
* \headsep=25.0pt
* \topskip=11.0pt
* \footskip=30.0pt
* \marginparwidth=59.0pt
* \marginparsep=10.0pt
* \columnsep=10.0pt
* \skip\footins=10.0pt plus 4.0pt minus 2.0pt
* \hoffset=0.0pt
* \voffset=0.0pt
* \mag=1000
* \@twocolumnfalse
* \@twosidefalse
* \@mparswitchfalse
* \@reversemarginfalse
* (1in=72.27pt=25.4mm, 1cm=28.453pt)

*geometry* verbose mode - [ newgeometry ] result:
* driver: pdftex
* paper: letterpaper
* layout: <same size as paper>
* layoutoffset:(h,v)=(0.0pt,0.0pt)
* modes: 
* h-part:(L,W,R)=(85.35826pt, 443.57848pt, 85.35826pt)
* v-part:(T,H,B)=(72.26999pt, 722.7pt, 0.0pt)
* \paperwidth=614.295pt
* \paperheight=794.96999pt
* \textwidth=443.57848pt
* \textheight=722.7pt
* \oddsidemargin=13.08827pt
* \evensidemargin=13.08827pt
* \topmargin=-37.0pt
* \headheight=12.0pt
* \headsep=25.0pt
* \topskip=11.0pt
* \footskip=30.0pt
* \marginparwidth=59.0pt
* \marginparsep=10.0pt
* \columnsep=10.0pt
* \skip\footins=10.0pt plus 4.0pt minus 2.0pt
* \hoffset=0.0pt
* \voffset=0.0pt
* \mag=1000
* \@twocolumnfalse
* \@twosidefalse
* \@mparswitchfalse
* \@reversemarginfalse
* (1in=72.27pt=25.4mm, 1cm=28.453pt)


Overfull \hbox (6.46016pt too wide) in paragraph at lines 163--163
\T1/cmr/m/n/24.88 Crazyflie 2.1 utilizando odometría visual como
 []

<plantilla/portadacit.jpg, id=383, 1927.2pt x 752.8125pt>
File: plantilla/portadacit.jpg Graphic file (type jpg)
<use plantilla/portadacit.jpg>
Package pdftex.def Info: plantilla/portadacit.jpg  used on input line 175.
(pdftex.def)             Requested size: 965.1268pt x 376.99901pt.
<plantilla/fondologo_grande.png, id=384, 969.02025pt x 430.0065pt>
File: plantilla/fondologo_grande.png Graphic file (type png)
<use plantilla/fondologo_grande.png>
Package pdftex.def Info: plantilla/fondologo_grande.png  used on input line 175
.
(pdftex.def)             Requested size: 187.27997pt x 83.11005pt.
Package epstopdf Info: Source file: <plantilla/logoUVGblanco.eps>
(epstopdf)                    date: 2024-07-20 08:43:43
(epstopdf)                    size: 733366 bytes
(epstopdf)             Output file: <plantilla/logoUVGblanco-eps-converted-to.p
df>
(epstopdf)                    date: 2024-07-20 09:28:05
(epstopdf)                    size: 8900 bytes
(epstopdf)             Command: <miktex-epstopdf --outfile=plantilla/logoUVGbla
nco-eps-converted-to.pdf plantilla/logoUVGblanco.eps>
(epstopdf)             \includegraphics on input line 175.
Package epstopdf Info: Output file is already uptodate.
<plantilla/logoUVGblanco-eps-converted-to.pdf, id=386, 680.5425pt x 174.6525pt>

File: plantilla/logoUVGblanco-eps-converted-to.pdf Graphic file (type pdf)
<use plantilla/logoUVGblanco-eps-converted-to.pdf>
Package pdftex.def Info: plantilla/logoUVGblanco-eps-converted-to.pdf  used on 
input line 175.
(pdftex.def)             Requested size: 154.88077pt x 39.74872pt.
[1

\openout4 = `z-main.ist'.



{C:/Users/pjcaa/AppData/Local/MiKTeX/fonts/map/pdftex/pdftex.map} <./plantilla/
portadacit.jpg> <./plantilla/fondologo_grande.png> <./plantilla/logoUVGblanco-e
ps-converted-to.pdf>]
Package epstopdf Info: Source file: <plantilla/escudoUVGnegro.eps>
(epstopdf)                    date: 2024-07-20 08:43:43
(epstopdf)                    size: 353392 bytes
(epstopdf)             Output file: <plantilla/escudoUVGnegro-eps-converted-to.
pdf>
(epstopdf)                    date: 2024-07-20 08:46:11
(epstopdf)                    size: 37956 bytes
(epstopdf)             Command: <miktex-epstopdf --outfile=plantilla/escudoUVGn
egro-eps-converted-to.pdf plantilla/escudoUVGnegro.eps>
(epstopdf)             \includegraphics on input line 199.
Package epstopdf Info: Output file is already uptodate.
<plantilla/escudoUVGnegro-eps-converted-to.pdf, id=401, 141.52875pt x 209.78375
pt>
File: plantilla/escudoUVGnegro-eps-converted-to.pdf Graphic file (type pdf)
<use plantilla/escudoUVGnegro-eps-converted-to.pdf>
Package pdftex.def Info: plantilla/escudoUVGnegro-eps-converted-to.pdf  used on
 input line 199.
(pdftex.def)             Requested size: 105.574pt x 156.49014pt.
 [1


 <./plantilla/escudoUVGnegro-eps-converted-to.pdf>]
Underfull \hbox (badness 10000) in paragraph at lines 256--257

 []


Underfull \hbox (badness 10000) in paragraph at lines 263--264

 []

[2

]
LaTeX Font Info:    Trying to load font information for T1+cmss on input line 2
90.
 (C:\Users\pjcaa\AppData\Local\Programs\MiKTeX\tex/latex/base\t1cmss.fd
File: t1cmss.fd 2023/04/13 v2.5m Standard LaTeX font definitions
)
(a-prefacio.tex) [3


] (z-main.toc
LaTeX Info: Redefining \sptext on input line 1.
LaTeX Info: Redefining \. on input line 1.
LaTeX Info: Redefining \% on input line 1.
LaTeX Info: Redefining \sptext on input line 2.
LaTeX Info: Redefining \. on input line 2.
LaTeX Info: Redefining \% on input line 2.
LaTeX Font Info:    Trying to load font information for U+msa on input line 10.


(C:\Users\pjcaa\AppData\Local\Programs\MiKTeX\tex/latex/amsfonts\umsa.fd
File: umsa.fd 2013/01/14 v3.01 AMS symbols A
)
LaTeX Font Info:    Trying to load font information for U+msb on input line 10.


(C:\Users\pjcaa\AppData\Local\Programs\MiKTeX\tex/latex/amsfonts\umsb.fd
File: umsb.fd 2013/01/14 v3.01 AMS symbols B
)
[4


] [5]
Overfull \hbox (1.4568pt too wide) detected at line 135
\T1/cmr/m/n/10.95 13.5.10. 
 []


Overfull \hbox (1.4568pt too wide) detected at line 136
\T1/cmr/m/n/10.95 13.5.11. 
 []


Overfull \hbox (1.4568pt too wide) detected at line 137
\T1/cmr/m/n/10.95 13.5.12. 
 []

)
\tf@toc=\write7
\openout7 = `z-main.toc'.

 [6] (z-main.lof
LaTeX Info: Redefining \sptext on input line 1.
LaTeX Info: Redefining \. on input line 1.
LaTeX Info: Redefining \% on input line 1.
LaTeX Info: Redefining \sptext on input line 2.
LaTeX Info: Redefining \. on input line 2.
LaTeX Info: Redefining \% on input line 2.
 [7


])
\tf@lof=\write8
\openout8 = `z-main.lof'.

 [8] (z-main.lot
LaTeX Info: Redefining \sptext on input line 1.
LaTeX Info: Redefining \. on input line 1.
LaTeX Info: Redefining \% on input line 1.
LaTeX Info: Redefining \sptext on input line 2.
LaTeX Info: Redefining \. on input line 2.
LaTeX Info: Redefining \% on input line 2.
)
\tf@lot=\write9
\openout9 = `z-main.lot'.

 [9


] (b-resumen.tex) [10


]
(c-abstract.tex) [11


]
Cap\'{\i }tulo 1.
(d-introduccion.tex) [1


]
Cap\'{\i }tulo 2.
(e-antecedentes.tex
<figuras/Sanabria2022.png, id=653, 1011.78pt x 280.6485pt>
File: figuras/Sanabria2022.png Graphic file (type png)
<use figuras/Sanabria2022.png>
Package pdftex.def Info: figuras/Sanabria2022.png  used on input line 8.
(pdftex.def)             Requested size: 325.215pt x 90.20761pt.
 [2

 <./figuras/Sanabria2022.png>]
<figuras/Robotat.png, id=664, 645.00975pt x 361.35pt>
File: figuras/Robotat.png Graphic file (type png)
<use figuras/Robotat.png>
Package pdftex.def Info: figuras/Robotat.png  used on input line 21.
(pdftex.def)             Requested size: 325.215pt x 182.19084pt.
 [3 <./figuras/Robotat.png>]
<figuras/Crazyswarm.png, id=680, 582.37575pt x 392.667pt>
File: figuras/Crazyswarm.png Graphic file (type png)
<use figuras/Crazyswarm.png>
Package pdftex.def Info: figuras/Crazyswarm.png  used on input line 34.
(pdftex.def)             Requested size: 325.215pt x 219.28687pt.
 [4 <./figuras/Crazyswarm.png>]) [5]
Cap\'{\i }tulo 3.
(f-justificacion.tex) [6

]
Cap\'{\i }tulo 4.
(g-objetivos.tex) [7

]
Cap\'{\i }tulo 5.
(h-alcance.tex) [8

]
Cap\'{\i }tulo 6.
(i-marco_teorico.tex
<figuras/Crazyflie.jpg, id=710, 140.9265pt x 94.1919pt>
File: figuras/Crazyflie.jpg Graphic file (type jpg)
<use figuras/Crazyflie.jpg>
Package pdftex.def Info: figuras/Crazyflie.jpg  used on input line 8.
(pdftex.def)             Requested size: 195.12767pt x 130.42186pt.
 [9

 <./figuras/Crazyflie.jpg>]
<figuras/Sistema_Crazyflie.jpg, id=720, 411.56578pt x 311.47353pt>
File: figuras/Sistema_Crazyflie.jpg Graphic file (type jpg)
<use figuras/Sistema_Crazyflie.jpg>
Package pdftex.def Info: figuras/Sistema_Crazyflie.jpg  used on input line 21.
(pdftex.def)             Requested size: 260.17465pt x 196.89948pt.
<figuras/Crazyradio.jpg, id=724, 140.9265pt x 85.0377pt>
File: figuras/Crazyradio.jpg Graphic file (type jpg)
<use figuras/Crazyradio.jpg>
Package pdftex.def Info: figuras/Crazyradio.jpg  used on input line 30.
(pdftex.def)             Requested size: 203.80193pt x 122.98097pt.
 [10 <./figuras/Sistema_Crazyflie.jpg>]
<figuras/FlowDeck.jpg, id=732, 140.9265pt x 99.4917pt>
File: figuras/FlowDeck.jpg Graphic file (type jpg)
<use figuras/FlowDeck.jpg>
Package pdftex.def Info: figuras/FlowDeck.jpg  used on input line 41.
(pdftex.def)             Requested size: 160.43729pt x 113.26836pt.
 [11 <./figuras/Crazyradio.jpg> <./figuras/FlowDeck.jpg>]
<figuras/Funcionamiento_FlowDeck.png, id=742, 1158.3275pt x 627.34375pt>
File: figuras/Funcionamiento_FlowDeck.png Graphic file (type png)
<use figuras/Funcionamiento_FlowDeck.png>
Package pdftex.def Info: figuras/Funcionamiento_FlowDeck.png  used on input lin
e 52.
(pdftex.def)             Requested size: 325.215pt x 176.13367pt.
<figuras/Optical_flow.png, id=747, 405.25233pt x 214.78374pt>
File: figuras/Optical_flow.png Graphic file (type png)
<use figuras/Optical_flow.png>
Package pdftex.def Info: figuras/Optical_flow.png  used on input line 63.
(pdftex.def)             Requested size: 238.49232pt x 126.4001pt.
 [12 <./figuras/Funcionamiento_FlowDeck.png> <./figuras/Optical_flow.png>] [13]
 [14]
[15] [16]
Overfull \hbox (0.11649pt too wide) in paragraph at lines 169--170
[]\T1/cmr/bx/n/10.95 localization: \T1/cmr/m/n/10.95 Ma-ne-ja los as-pec-tos re
-la-cio-na-dos con la lo-ca-li-za-ción del dron Crazy-
 []

[17]) [18] (j-capitulos.tex
Cap\'{\i }tulo 7.
<figuras/Crazyflie_ensamblado.png, id=821, 498.06075pt x 392.06474pt>
File: figuras/Crazyflie_ensamblado.png Graphic file (type png)
<use figuras/Crazyflie_ensamblado.png>
Package pdftex.def Info: figuras/Crazyflie_ensamblado.png  used on input line 1
5.
(pdftex.def)             Requested size: 173.44534pt x 136.53075pt.
[19

]
<figuras/Crazyclient.png, id=828, 1439.3775pt x 673.01437pt>
File: figuras/Crazyclient.png Graphic file (type png)
<use figuras/Crazyclient.png>
Package pdftex.def Info: figuras/Crazyclient.png  used on input line 35.
(pdftex.def)             Requested size: 368.57965pt x 172.34038pt.
 [20 <./figuras/Crazyflie_ensamblado.png> <./figuras/Crazyclient.png>]
<figuras/Actualizacion_firmware.png, id=838, 1434.86063pt x 678.28406pt>
File: figuras/Actualizacion_firmware.png Graphic file (type png)
<use figuras/Actualizacion_firmware.png>
Package pdftex.def Info: figuras/Actualizacion_firmware.png  used on input line
 47.
(pdftex.def)             Requested size: 368.57965pt x 174.22798pt.

[21 <./figuras/Actualizacion_firmware.png>]
<figuras/Propeller_test.png, id=850, 1433.355pt x 673.76718pt>
File: figuras/Propeller_test.png Graphic file (type png)
<use figuras/Propeller_test.png>
Package pdftex.def Info: figuras/Propeller_test.png  used on input line 68.
(pdftex.def)             Requested size: 368.57965pt x 173.2528pt.
 [22 <./figuras/Propeller_test.png>]
<figuras/FlowDeck1.jpg, id=863, 1445.4pt x 1306.8825pt>
File: figuras/FlowDeck1.jpg Graphic file (type jpg)
<use figuras/FlowDeck1.jpg>
Package pdftex.def Info: figuras/FlowDeck1.jpg  used on input line 98.
(pdftex.def)             Requested size: 130.08733pt x 117.61435pt.
<figuras/FlowDeck2.jpg, id=864, 1444.39626pt x 1309.89375pt>
File: figuras/FlowDeck2.jpg Graphic file (type jpg)
<use figuras/FlowDeck2.jpg>
Package pdftex.def Info: figuras/FlowDeck2.jpg  used on input line 103.
(pdftex.def)             Requested size: 130.08733pt x 117.9653pt.
<figuras/Crazyflie_con_FlowDeck2.jpg, id=867, 934.49126pt x 1018.80624pt>
File: figuras/Crazyflie_con_FlowDeck2.jpg Graphic file (type jpg)
<use figuras/Crazyflie_con_FlowDeck2.jpg>
Package pdftex.def Info: figuras/Crazyflie_con_FlowDeck2.jpg  used on input lin
e 113.
(pdftex.def)             Requested size: 130.08733pt x 141.82352pt.
[23 <./figuras/FlowDeck1.jpg> <./figuras/FlowDeck2.jpg> <./figuras/Crazyflie_co
n_FlowDeck2.jpg>]
<figuras/FlowDeck_detection2.png, id=874, 1147.8885pt x 540.21825pt>
File: figuras/FlowDeck_detection2.png Graphic file (type png)
<use figuras/FlowDeck_detection2.png>
Package pdftex.def Info: figuras/FlowDeck_detection2.png  used on input line 12
4.
(pdftex.def)             Requested size: 368.57965pt x 173.45862pt.
<figuras/FlowDeck_detection1.png, id=876, 1154.51324pt x 615.4995pt>
File: figuras/FlowDeck_detection1.png Graphic file (type png)
<use figuras/FlowDeck_detection1.png>
Package pdftex.def Info: figuras/FlowDeck_detection1.png  used on input line 13
3.
(pdftex.def)             Requested size: 368.57965pt x 196.49426pt.
 [24 <./figuras/FlowDeck_detection2.png> <./figuras/FlowDeck_detection1.png>]
<figuras/Prueba_2.png, id=884, 546.54187pt x 463.7325pt>
File: figuras/Prueba_2.png Graphic file (type png)
<use figuras/Prueba_2.png>
Package pdftex.def Info: figuras/Prueba_2.png  used on input line 145.
(pdftex.def)             Requested size: 216.81pt x 183.96129pt.
 [25 <./figuras/Prueba_2.png>]
<figuras/superficie1.png, id=892, 266.1945pt x 246.9225pt>
File: figuras/superficie1.png Graphic file (type png)
<use figuras/superficie1.png>
Package pdftex.def Info: figuras/superficie1.png  used on input line 170.
(pdftex.def)             Requested size: 112.73882pt x 104.57707pt.
<figuras/superficie2.png, id=893, 343.88475pt x 314.97675pt>
File: figuras/superficie2.png Graphic file (type png)
<use figuras/superficie2.png>
Package pdftex.def Info: figuras/superficie2.png  used on input line 175.
(pdftex.def)             Requested size: 112.73882pt x 103.26016pt.
<figuras/superficie3.png, id=894, 301.72725pt x 293.898pt>
File: figuras/superficie3.png Graphic file (type png)
<use figuras/superficie3.png>
Package pdftex.def Info: figuras/superficie3.png  used on input line 184.
(pdftex.def)             Requested size: 112.73882pt x 109.81235pt.
<figuras/superficie4.png, id=895, 223.43475pt x 210.18526pt>
File: figuras/superficie4.png Graphic file (type png)
<use figuras/superficie4.png>
Package pdftex.def Info: figuras/superficie4.png  used on input line 189.
(pdftex.def)             Requested size: 117.07925pt x 110.13724pt.
 [26 <./figuras/superficie1.png> <./figuras/superficie2.png> <./figuras/superfi
cie3.png> <./figuras/superficie4.png>]
<figuras/superficie5.png, id=907, 458.9145pt x 457.71pt>
File: figuras/superficie5.png Graphic file (type png)
<use figuras/superficie5.png>
Package pdftex.def Info: figuras/superficie5.png  used on input line 203.
(pdftex.def)             Requested size: 260.17465pt x 259.4936pt.
 [27 <./figuras/superficie5.png>]
Cap\'{\i }tulo 8.
[28

]
LaTeX Font Info:    Trying to load font information for T1+cmtt on input line 2
30.
 (C:\Users\pjcaa\AppData\Local\Programs\MiKTeX\tex/latex/base\t1cmtt.fd
File: t1cmtt.fd 2023/04/13 v2.5m Standard LaTeX font definitions
)
<figuras/cmd_python_version.png, id=921, 772.0845pt x 393.26926pt>
File: figuras/cmd_python_version.png Graphic file (type png)
<use figuras/cmd_python_version.png>
Package pdftex.def Info: figuras/cmd_python_version.png  used on input line 247
.
(pdftex.def)             Requested size: 390.25536pt x 198.78242pt.

[29 <./figuras/cmd_python_version.png>]
Package hyperref Info: bookmark level for unknown lstlisting defaults to 0 on i
nput line 258.
<figuras/algoritmo_prueba_vs.png, id=930, 983.47424pt x 545.03625pt>
File: figuras/algoritmo_prueba_vs.png Graphic file (type png)
<use figuras/algoritmo_prueba_vs.png>
Package pdftex.def Info: figuras/algoritmo_prueba_vs.png  used on input line 28
6.
(pdftex.def)             Requested size: 433.62001pt x 240.30737pt.
 [30 <./figuras/algoritmo_prueba_vs.png>] [31] [32] [33] [34] [35] [36] [37]
Overfull \hbox (13.3913pt too wide) in paragraph at lines 610--610
[] \T1/cmtt/m/n/10.95 pyenv('Version', 'ruta/a/python') % Especifica la ruta de
 instalación correcta[] 
 []

<figuras/Matlab_python.png, id=1073, 595.023pt x 263.18324pt>
File: figuras/Matlab_python.png Graphic file (type png)
<use figuras/Matlab_python.png>
Package pdftex.def Info: figuras/Matlab_python.png  used on input line 614.
(pdftex.def)             Requested size: 368.57965pt x 163.03137pt.
[38] [39 <./figuras/Matlab_python.png>]
<figuras/Matlab_python2.png, id=1109, 910.602pt x 372.1905pt>
File: figuras/Matlab_python2.png Graphic file (type png)
<use figuras/Matlab_python2.png>
Package pdftex.def Info: figuras/Matlab_python2.png  used on input line 664.
(pdftex.def)             Requested size: 390.25536pt x 159.50494pt.
 [40 <./figuras/Matlab_python2.png>]
[41]
<figuras/takeoff.jpg, id=1126, 741.77126pt x 571.13374pt>
File: figuras/takeoff.jpg Graphic file (type jpg)
<use figuras/takeoff.jpg>
Package pdftex.def Info: figuras/takeoff.jpg  used on input line 721.
(pdftex.def)             Requested size: 281.85036pt x 217.01564pt.
<figuras/takeoff_pid.jpg, id=1128, 765.86125pt x 549.05125pt>
File: figuras/takeoff_pid.jpg Graphic file (type jpg)
<use figuras/takeoff_pid.jpg>
Package pdftex.def Info: figuras/takeoff_pid.jpg  used on input line 742.
(pdftex.def)             Requested size: 281.85036pt x 202.05666pt.
 [42 <./figuras/takeoff.jpg>]
<figuras/Trayectoria1_FlowDeck.jpg, id=1148, 781.92125pt x 608.2725pt>
File: figuras/Trayectoria1_FlowDeck.jpg Graphic file (type jpg)
<use figuras/Trayectoria1_FlowDeck.jpg>
Package pdftex.def Info: figuras/Trayectoria1_FlowDeck.jpg  used on input line 
774.
(pdftex.def)             Requested size: 281.85036pt x 219.25638pt.
 [43 <./figuras/takeoff_pid.jpg>]
<figuras/Trayectoria1_FlowDeck_xy.jpg, id=1172, 702.625pt x 526.96875pt>
File: figuras/Trayectoria1_FlowDeck_xy.jpg Graphic file (type jpg)
<use figuras/Trayectoria1_FlowDeck_xy.jpg>
Package pdftex.def Info: figuras/Trayectoria1_FlowDeck_xy.jpg  used on input li
ne 784.
(pdftex.def)             Requested size: 173.44534pt x 130.08543pt.
<figuras/Trayectoria1_FlowDeck_z.jpg, id=1173, 846.16125pt x 525.965pt>
File: figuras/Trayectoria1_FlowDeck_z.jpg Graphic file (type jpg)
<use figuras/Trayectoria1_FlowDeck_z.jpg>
Package pdftex.def Info: figuras/Trayectoria1_FlowDeck_z.jpg  used on input lin
e 789.
(pdftex.def)             Requested size: 203.80193pt x 126.67558pt.
 [44 <./figuras/Trayectoria1_FlowDeck.jpg> <./figuras/Trayectoria1_FlowDeck_xy.
jpg> <./figuras/Trayectoria1_FlowDeck_z.jpg>]
<figuras/Crazyflie_marker_1.jpg, id=1180, 328.22626pt x 337.26pt>
File: figuras/Crazyflie_marker_1.jpg Graphic file (type jpg)
<use figuras/Crazyflie_marker_1.jpg>
Package pdftex.def Info: figuras/Crazyflie_marker_1.jpg  used on input line 825
.
(pdftex.def)             Requested size: 151.76964pt x 155.94942pt.
<figuras/Crazyflie_marker_2.jpg, id=1181, 540.8205pt x 507.0945pt>
File: figuras/Crazyflie_marker_2.jpg Graphic file (type jpg)
<use figuras/Crazyflie_marker_2.jpg>
Package pdftex.def Info: figuras/Crazyflie_marker_2.jpg  used on input line 830
.
(pdftex.def)             Requested size: 164.77771pt x 154.49722pt.
<figuras/Crazyflie_marker_3.jpg, id=1183, 511.9125pt x 539.616pt>
File: figuras/Crazyflie_marker_3.jpg Graphic file (type jpg)
<use figuras/Crazyflie_marker_3.jpg>
Package pdftex.def Info: figuras/Crazyflie_marker_3.jpg  used on input line 840
.
(pdftex.def)             Requested size: 173.44534pt x 182.83301pt.
 [45] [46 <./figuras/Crazyflie_marker_1.jpg> <./figuras/Crazyflie_marker_2.jpg>
 <./figuras/Crazyflie_marker_3.jpg>] [47]
[48]
<figuras/Webots1.png, id=1256, 1156.32pt x 470.35725pt>
File: figuras/Webots1.png Graphic file (type png)
<use figuras/Webots1.png>
Package pdftex.def Info: figuras/Webots1.png  used on input line 928.
(pdftex.def)             Requested size: 368.57965pt x 149.92169pt.
 [49 <./figuras/Webots1.png>]
Cap\'{\i }tulo 9.
[50

] [51] [52] [53]) [54] [55]
Cap\'{\i }tulo 10.
(k-conclusiones.tex) [56

]
Cap\'{\i }tulo 11.
(l-recomendaciones.tex) [57

]
Cap\'{\i }tulo 12.

Overfull \hbox (10.74289pt too wide) in paragraph at lines 473--473
[]\T1/cmr/m/n/10.95 Bitcraze, \T1/cmr/m/it/10.95 Crazy-flie 2.1\T1/cmr/m/n/10.9
5 , Ac-ces-sed: 12-May-2024, 2024. di-rec-ción: []$\T1/cmtt/m/n/10.95 https : /
 / www . bitcraze .
 []


Overfull \hbox (2.82588pt too wide) in paragraph at lines 473--473
[]\T1/cmr/m/n/10.95 Bitcraze, \T1/cmr/m/it/10.95 Crazy-ra-dio\T1/cmr/m/n/10.95 
, Ac-ces-sed: 12-May-2024, 2024. di-rec-ción: []$\T1/cmtt/m/n/10.95 https : / /
 www . bitcraze .
 []

[58


]
Overfull \hbox (7.14355pt too wide) in paragraph at lines 473--473
[]\T1/cmr/m/n/10.95 Bitcraze, \T1/cmr/m/it/10.95 Flu-jo óp-ti-co\T1/cmr/m/n/10.
95 , Ac-ces-sed: 12-May-2024, 2024. di-rec-ción: []$\T1/cmtt/m/n/10.95 https : 
/ / www . bitcraze .
 []


Overfull \hbox (4.36836pt too wide) in paragraph at lines 473--473
[]\T1/cmr/m/n/10.95 S. Elec-tro-nics, \T1/cmr/m/it/10.95 VL53L1X: Time-of-Fligh
t (ToF) ran-ging sen-sor ba-sed on ST's FlightSen-
 []


Overfull \hbox (10.76674pt too wide) in paragraph at lines 473--473
[]\T1/cmr/m/n/10.95 Bitcraze, \T1/cmr/m/it/10.95 CPX mo-du-le\T1/cmr/m/n/10.95 
, Ac-ces-sed: 25-May-2024, 2024. di-rec-ción: []$\T1/cmtt/m/n/10.95 https : / /
 www . bitcraze .
 []


Overfull \hbox (9.79056pt too wide) in paragraph at lines 473--473
[]\T1/cmr/m/n/10.95 Bitcraze, \T1/cmr/m/it/10.95 Utils mo-du-le\T1/cmr/m/n/10.9
5 , Ac-ces-sed: 25-May-2024, 2024. di-rec-ción: []$\T1/cmtt/m/n/10.95 https : /
 / www . bitcraze .
 []

[59] [60]
Cap\'{\i }tulo 13.
(n-anexos.tex [61

] [62] [63] [64] [65] [66]) [67]
Cap\'{\i }tulo 14.
(o-glosario.tex)

Package glossaries Warning: No \printglossary or \printglossaries found. 
(Remove \makeglossaries if you don't want any glossaries.) 
This document will not have a glossary.

[68

] (z-main.aux
LaTeX Info: Redefining \sptext on input line 9.
LaTeX Info: Redefining \. on input line 9.
LaTeX Info: Redefining \% on input line 9.
LaTeX Info: Redefining \sptext on input line 16.
LaTeX Info: Redefining \. on input line 16.
LaTeX Info: Redefining \% on input line 16.
)
 ***********
LaTeX2e <2023-11-01> patch level 1
L3 programming layer <2020/03/25>
 ***********


Package rerunfilecheck Warning: File `z-main.out' has changed.
(rerunfilecheck)                Rerun to get outlines right
(rerunfilecheck)                or use package `bookmark'.

Package rerunfilecheck Info: Checksums for `z-main.out':
(rerunfilecheck)             Before: 7948EC974F4914FA625105396BA39AE5;20144
(rerunfilecheck)             After:  3427308BF3600AADB813C5E9B2104519;20043.
Package logreq Info: Writing requests to 'z-main.run.xml'.
\openout1 = `z-main.run.xml'.

 ) 
Here is how much of TeX's memory you used:
 33140 strings out of 474486
 602396 string characters out of 5743756
 2341542 words of memory out of 5000000
 54238 multiletter control sequences out of 15000+600000
 579389 words of font info for 84 fonts, out of 8000000 for 9000
 1141 hyphenation exceptions out of 8191
 94i,10n,93p,2343b,2776s stack positions out of 10000i,1000n,20000p,200000b,200000s
 <C:\Users\pjcaa\AppData\Local\MiKTeX\fonts/pk/ljfour/jknappen/ec/dpi600\ecrm
0800.pk> <C:\Users\pjcaa\AppData\Local\MiKTeX\fonts/pk/ljfour/jknappen/ec/dpi60
0\ectt0900.pk> <C:\Users\pjcaa\AppData\Local\MiKTeX\fonts/pk/ljfour/jknappen/ec
/dpi600\ecrm0600.pk> <C:\Users\pjcaa\AppData\Local\MiKTeX\fonts/pk/ljfour/jknap
pen/ec/dpi600\ectt1095.pk> <C:\Users\pjcaa\AppData\Local\MiKTeX\fonts/pk/ljfour
/jknappen/ec/dpi600\tcrm1095.pk> <C:\Users\pjcaa\AppData\Local\MiKTeX\fonts/pk/
ljfour/jknappen/ec/dpi600\ecbx1200.pk> <C:\Users\pjcaa\AppData\Local\MiKTeX\fon
ts/pk/ljfour/jknappen/ec/dpi600\ecti1000.pk> <C:\Users\pjcaa\AppData\Local\MiKT
eX\fonts/pk/ljfour/jknappen/ec/dpi600\ecrm1000.pk> <C:\Users\pjcaa\AppData\Loca
l\MiKTeX\fonts/pk/ljfour/jknappen/ec/dpi600\ecss2488.pk> <C:\Users\pjcaa\AppDat
a\Local\MiKTeX\fonts/pk/ljfour/jknappen/ec/dpi600\ecti1095.pk> <C:\Users\pjcaa\
AppData\Local\MiKTeX\fonts/pk/ljfour/jknappen/ec/dpi600\ecxc1095.pk> <C:\Users\
pjcaa\AppData\Local\MiKTeX\fonts/pk/ljfour/jknappen/ec/dpi600\ecbx1095.pk> <C:\
Users\pjcaa\AppData\Local\MiKTeX\fonts/pk/ljfour/jknappen/ec/dpi600\eccc1095.pk
> <C:\Users\pjcaa\AppData\Local\MiKTeX\fonts/pk/ljfour/jknappen/ec/dpi600\ecrm1
095.pk> <C:\Users\pjcaa\AppData\Local\MiKTeX\fonts/pk/ljfour/jknappen/ec/dpi600
\ecss1440.pk> <C:\Users\pjcaa\AppData\Local\MiKTeX\fonts/pk/ljfour/jknappen/ec/
dpi600\ecrm1200.pk> <C:\Users\pjcaa\AppData\Local\MiKTeX\fonts/pk/ljfour/jknapp
en/ec/dpi600\ecrm1440.pk> <C:\Users\pjcaa\AppData\Local\MiKTeX\fonts/pk/ljfour/
jknappen/ec/dpi600\ecbx1440.pk> <C:\Users\pjcaa\AppData\Local\MiKTeX\fonts/pk/l
jfour/jknappen/ec/dpi600\ecrm1728.pk> <C:\Users\pjcaa\AppData\Local\MiKTeX\font
s/pk/ljfour/jknappen/ec/dpi600\ecrm2488.pk><C:/Users/pjcaa/AppData/Local/Progra
ms/MiKTeX/fonts/type1/public/amsfonts/cm/cmr10.pfb><C:/Users/pjcaa/AppData/Loca
l/Programs/MiKTeX/fonts/type1/public/amsfonts/cm/cmsy10.pfb>
Output written on z-main.pdf (80 pages, 11683724 bytes).
PDF statistics:
 2607 PDF objects out of 2984 (max. 8388607)
 668 named destinations out of 1000 (max. 500000)
 966 words of extra memory for PDF output out of 10000 (max. 10000000)

